{"meta": {"format": 3, "version": "7.15.4", "timestamp": "2026-08-20T18:37:28.783521", "branch_coverage": false, "show_contexts": false}, "files": {"src/__init__.py": {"executed_lines": [], "summary": {"covered_lines": 0, "num_statements": 0, "percent_covered": 100.0, "percent_covered_display": "100", "missing_lines": 0, "excluded_lines": 0, "percent_statements_covered": 100.0, "percent_statements_covered_display": "100"}, "missing_lines": [], "excluded_lines": [], "functions": {"": {"executed_lines": [], "summary": {"covered_lines": 0, "num_statements": 0, "percent_covered": 100.0, "percent_covered_display": "100", "missing_lines": 0, "excluded_lines": 0, "percent_statements_covered": 100.0, "percent_statements_covered_display": "100"}, "missing_lines": [], "excluded_lines": [], "start_line": 1}}, "classes": {"": {"executed_lines": [], "summary": {"covered_lines": 0, "num_statements": 0, "percent_covered": 100.0, "percent_covered_display": "100", "missing_lines": 0, "excluded_lines": 0, "percent_statements_covered": 100.0, "percent_statements_covered_display": "100"}, "missing_lines": [], "excluded_lines": [], "start_line": 1}}}, "src/readmd_core/__init__.py": {"executed_lines": [10, 24, 30, 32], "summary": {"covered_lines": 4, "num_statements": 4, "percent_covered": 100.0, "percent_covered_display": "100", "missing_lines": 0, "excluded_lines": 0, "percent_statements_covered": 100.0, "percent_statements_covered_display": "100"}, "missing_lines": [], "excluded_lines": [], "functions": {"": {"executed_lines": [10, 24, 30, 32], "summary": {"covered_lines": 4, "num_statements": 4, "percent_covered": 100.0, "percent_covered_display": "100", "missing_lines": 0, "excluded_lines": 0, "percent_statements_covered": 100.0, "percent_statements_covered_display": "100"}, "missing_lines": [], "excluded_lines": [], "start_line": 1}}, "classes": {"": {"executed_lines": [10, 24, 30, 32], "summary": {"covered_lines": 4, "num_statements": 4, "percent_covered": 100.0, "percent_covered_display": "100", "missing_lines": 0, "excluded_lines": 0, "percent_statements_covered": 100.0, "percent_statements_covered_display": "100"}, "missing_lines": [], "excluded_lines": [], "start_line": 1}}}, "src/readmd_core/config.py": {"executed_lines": [2, 3, 4, 6, 8, 9, 12, 23, 24, 26, 27, 29, 30, 32, 34, 35, 37, 38, 39, 41, 43, 45, 48, 59, 61, 62, 63, 64, 65, 67, 69, 71, 72, 74, 75, 77, 79, 80, 81, 82, 84, 85, 87, 88, 89, 90, 91, 93, 94, 96, 97, 99, 101, 109, 110, 111, 113, 115, 116, 118, 119, 121, 122, 124, 125, 127, 128, 129, 130, 132, 134, 135, 136, 138, 139, 141], "summary": {"covered_lines": 76, "num_statements": 76, "percent_covered": 100.0, "percent_covered_display": "100", "missing_lines": 0, "excluded_lines": 0, "percent_statements_covered": 100.0, "percent_statements_covered_display": "100"}, "missing_lines": [], "excluded_lines": [], "functions": {"_platform_data_dir": {"executed_lines": [23, 24, 26, 27, 29, 30], "summary": {"covered_lines": 6, "num_statements": 6, "percent_covered": 100.0, "percent_covered_display": "100", "missing_lines": 0, "excluded_lines": 0, "percent_statements_covered": 100.0, "percent_statements_covered_display": "100"}, "missing_lines": [], "excluded_lines": [], "start_line": 12}, "get_system_language": {"executed_lines": [59, 61, 62, 63, 64, 65, 67, 69, 71, 72, 74, 75, 77, 79, 80, 81, 82, 84, 85, 87, 88, 89, 90, 91, 93, 94, 96, 97, 99], "summary": {"covered_lines": 29, "num_statements": 29, "percent_covered": 100.0, "percent_covered_display": "100", "missing_lines": 0, "excluded_lines": 0, "percent_statements_covered": 100.0, "percent_statements_covered_display": "100"}, "missing_lines": [], "excluded_lines": [], "start_line": 48}, "normalize_dialog_path": {"executed_lines": [109, 110, 111, 113, 115, 116, 118, 119, 121, 122, 124, 125, 127, 128, 129, 130, 132, 134, 135, 136, 138, 139, 141], "summary": {"covered_lines": 23, "num_statements": 23, "percent_covered": 100.0, "percent_covered_display": "100", "missing_lines": 0, "excluded_lines": 0, "percent_statements_covered": 100.0, "percent_statements_covered_display": "100"}, "missing_lines": [], "excluded_lines": [], "start_line": 101}, "": {"executed_lines": [2, 3, 4, 6, 8, 9, 12, 32, 34, 35, 37, 38, 39, 41, 43, 45, 48, 101], "summary": {"covered_lines": 18, "num_statements": 18, "percent_covered": 100.0, "percent_covered_display": "100", "missing_lines": 0, "excluded_lines": 0, "percent_statements_covered": 100.0, "percent_statements_covered_display": "100"}, "missing_lines": [], "excluded_lines": [], "start_line": 1}}, "classes": {"": {"executed_lines": [2, 3, 4, 6, 8, 9, 12, 23, 24, 26, 27, 29, 30, 32, 34, 35, 37, 38, 39, 41, 43, 45, 48, 59, 61, 62, 63, 64, 65, 67, 69, 71, 72, 74, 75, 77, 79, 80, 81, 82, 84, 85, 87, 88, 89, 90, 91, 93, 94, 96, 97, 99, 101, 109, 110, 111, 113, 115, 116, 118, 119, 121, 122, 124, 125, 127, 128, 129, 130, 132, 134, 135, 136, 138, 139, 141], "summary": {"covered_lines": 76, "num_statements": 76, "percent_covered": 100.0, "percent_covered_display": "100", "missing_lines": 0, "excluded_lines": 0, "percent_statements_covered": 100.0, "percent_statements_covered_display": "100"}, "missing_lines": [], "excluded_lines": [], "start_line": 1}}}, "src/readmd_core/readmd_fix.py": {"executed_lines": [16, 18, 22, 24, 27, 28, 29, 30, 36, 38, 40, 42, 44, 48, 50, 51, 53, 54, 55, 57, 61, 63, 64, 66, 67, 69, 71, 73, 74, 75, 77, 80, 82, 84, 87, 93, 94, 95, 96, 98, 99, 102, 103, 105, 108, 110, 113, 116, 126, 132, 135, 136, 137, 138, 139, 141, 142, 143, 145, 146, 148, 149, 150, 151, 153, 154, 155, 156, 157, 159, 160, 162, 164, 165, 167, 168, 169, 170, 172, 173, 174, 176, 178, 179, 180, 181, 184, 185, 187, 191, 195, 199, 200, 201, 202, 203, 204, 206, 207, 208, 209, 211, 212, 213, 214, 215, 216, 218, 219, 221, 222, 223, 224, 225, 226, 228, 229, 230, 231, 232, 234, 237, 239, 240, 242, 247, 248, 250, 251, 253, 254, 256, 259, 261, 263, 264, 265, 267, 268, 272, 276, 278, 279, 280, 282, 283, 285, 286, 287, 289, 291, 292, 293, 294, 296, 297, 298, 299, 301, 302, 304, 305, 307, 310, 312, 315, 317, 320, 323, 325, 326, 328, 331, 333, 334, 336, 337, 341, 343, 345, 347, 348, 349, 351, 352, 353, 355, 356, 357, 358, 360, 363, 365, 366, 367, 368, 369, 370, 372, 377, 382, 383, 385, 386, 387, 388, 390, 391, 392, 395, 399, 400, 401, 403, 404, 406, 410, 411, 413, 414, 416, 417, 419, 422, 423, 427, 428, 429, 430, 432, 436, 440, 441, 443, 444, 445, 446, 448, 454, 456, 458, 460, 462, 464, 465, 466, 467, 469, 470, 472, 473, 475, 476, 478, 481, 484, 486, 487, 489, 491, 492, 493, 495, 496, 498, 499, 501, 502, 503, 506, 508, 509, 513, 516, 519, 520, 521, 523, 528, 529, 530, 532, 533, 534, 536, 539, 541, 543, 544, 545, 546, 548, 549, 551, 552, 554, 556, 557, 558, 571, 574, 575, 577, 578, 579, 580, 582, 585, 587, 589, 590, 591, 592, 595, 597, 599, 601, 604, 606, 608, 610, 613, 615, 616, 617, 620, 621, 622, 625, 626, 628, 632, 634, 635, 638, 639, 640, 642, 643, 644, 646, 651, 653, 654, 656, 657, 659, 660, 661, 663, 668, 669, 672, 673, 677, 682, 683, 685, 687, 689, 690, 691, 692, 694, 697, 698, 699, 701, 703, 704, 706, 707, 708, 710, 716, 717, 718, 719, 720, 722, 723, 724, 731, 732, 734, 738, 739, 740, 741, 742, 743, 744, 746, 747, 750, 751, 752, 754, 755, 756, 758, 764, 766, 767, 770, 771, 772, 773, 774, 776, 782, 784, 785, 787, 788, 790, 792, 794, 796, 798, 800, 802, 803, 804, 805, 807], "summary": {"covered_lines": 426, "num_statements": 476, "percent_covered": 89.49579831932773, "percent_covered_display": "89", "missing_lines": 50, "excluded_lines": 0, "percent_statements_covered": 89.49579831932773, "percent_statements_covered_display": "89"}, "missing_lines": [89, 117, 118, 119, 121, 122, 124, 270, 339, 361, 362, 373, 374, 375, 376, 380, 407, 408, 420, 433, 434, 437, 439, 510, 517, 524, 525, 526, 560, 562, 563, 564, 567, 568, 569, 573, 637, 664, 666, 675, 679, 686, 711, 712, 713, 714, 727, 728, 749, 769], "excluded_lines": [], "functions": {"FixResult.__init__": {"executed_lines": [28, 29, 30], "summary": {"covered_lines": 3, "num_statements": 3, "percent_covered": 100.0, "percent_covered_display": "100", "missing_lines": 0, "excluded_lines": 0, "percent_statements_covered": 100.0, "percent_statements_covered_display": "100"}, "missing_lines": [], "excluded_lines": [], "start_line": 27}, "_escaped": {"executed_lines": [50, 51, 53, 54, 55, 57], "summary": {"covered_lines": 6, "num_statements": 6, "percent_covered": 100.0, "percent_covered_display": "100", "missing_lines": 0, "excluded_lines": 0, "percent_statements_covered": 100.0, "percent_statements_covered_display": "100"}, "missing_lines": [], "excluded_lines": [], "start_line": 48}, "_unescaped_positions": {"executed_lines": [63, 64, 66, 67, 69, 71, 73, 74, 75, 77], "summary": {"covered_lines": 10, "num_statements": 10, "percent_covered": 100.0, "percent_covered_display": "100", "missing_lines": 0, "excluded_lines": 0, "percent_statements_covered": 100.0, "percent_statements_covered_display": "100"}, "missing_lines": [], "excluded_lines": [], "start_line": 61}, "_escape_delim": {"executed_lines": [82, 84], "summary": {"covered_lines": 2, "num_statements": 2, "percent_covered": 100.0, "percent_covered_display": "100", "missing_lines": 0, "excluded_lines": 0, "percent_statements_covered": 100.0, "percent_statements_covered_display": "100"}, "missing_lines": [], "excluded_lines": [], "start_line": 80}, "_escape_at": {"executed_lines": [], "summary": {"covered_lines": 0, "num_statements": 1, "percent_covered": 0.0, "percent_covered_display": "0", "missing_lines": 1, "excluded_lines": 0, "percent_statements_covered": 0.0, "percent_statements_covered_display": "0"}, "missing_lines": [89], "excluded_lines": [], "start_line": 87}, "_escape_all_unescaped": {"executed_lines": [94, 95, 96, 98, 99, 102, 103, 105], "summary": {"covered_lines": 8, "num_statements": 8, "percent_covered": 100.0, "percent_covered_display": "100", "missing_lines": 0, "excluded_lines": 0, "percent_statements_covered": 100.0, "percent_statements_covered_display": "100"}, "missing_lines": [], "excluded_lines": [], "start_line": 93}, "_has_latex": {"executed_lines": [110], "summary": {"covered_lines": 1, "num_statements": 1, "percent_covered": 100.0, "percent_covered_display": "100", "missing_lines": 0, "excluded_lines": 0, "percent_statements_covered": 100.0, "percent_statements_covered_display": "100"}, "missing_lines": [], "excluded_lines": [], "start_line": 108}, "_looks_like_code_indent": {"executed_lines": [116, 126], "summary": {"covered_lines": 2, "num_statements": 8, "percent_covered": 25.0, "percent_covered_display": "25", "missing_lines": 6, "excluded_lines": 0, "percent_statements_covered": 25.0, "percent_statements_covered_display": "25"}, "missing_lines": [117, 118, 119, 121, 122, 124], "excluded_lines": [], "start_line": 113}, "mask_code_spans": {"executed_lines": [135, 136, 137, 138, 139, 141, 142, 143, 145, 146, 148, 149, 150, 151, 153, 154, 155, 156, 157, 159, 160, 162, 164, 165, 167, 168, 169, 170, 172, 173, 174, 176, 178, 179, 180, 181, 184, 185, 187], "summary": {"covered_lines": 39, "num_statements": 39, "percent_covered": 100.0, "percent_covered_display": "100", "missing_lines": 0, "excluded_lines": 0, "percent_statements_covered": 100.0, "percent_statements_covered_display": "100"}, "missing_lines": [], "excluded_lines": [], "start_line": 132}, "mask_all_code": {"executed_lines": [199, 200, 201, 202, 203, 204, 206, 207, 208, 209, 211, 212, 213, 214, 215, 216, 218, 219, 221, 222, 223, 224, 225, 226, 228, 229, 230, 231, 232, 234], "summary": {"covered_lines": 30, "num_statements": 30, "percent_covered": 100.0, "percent_covered_display": "100", "missing_lines": 0, "excluded_lines": 0, "percent_statements_covered": 100.0, "percent_statements_covered_display": "100"}, "missing_lines": [], "excluded_lines": [], "start_line": 195}, "restore": {"executed_lines": [239, 240, 242], "summary": {"covered_lines": 3, "num_statements": 3, "percent_covered": 100.0, "percent_covered_display": "100", "missing_lines": 0, "excluded_lines": 0, "percent_statements_covered": 100.0, "percent_statements_covered_display": "100"}, "missing_lines": [], "excluded_lines": [], "start_line": 237}, "_is_table_sep": {"executed_lines": [248, 250, 251, 253, 254, 256], "summary": {"covered_lines": 6, "num_statements": 6, "percent_covered": 100.0, "percent_covered_display": "100", "missing_lines": 0, "excluded_lines": 0, "percent_statements_covered": 100.0, "percent_statements_covered_display": "100"}, "missing_lines": [], "excluded_lines": [], "start_line": 247}, "_is_table_row": {"executed_lines": [261, 263, 264, 265, 267, 268, 272], "summary": {"covered_lines": 7, "num_statements": 8, "percent_covered": 87.5, "percent_covered_display": "88", "missing_lines": 1, "excluded_lines": 0, "percent_statements_covered": 87.5, "percent_statements_covered_display": "88"}, "missing_lines": [270], "excluded_lines": [], "start_line": 259}, "_split_cells": {"executed_lines": [278, 279, 280, 282, 283, 285, 286, 287, 289, 291, 292, 293, 294, 296, 297, 298, 299, 301, 302, 304, 305, 307], "summary": {"covered_lines": 22, "num_statements": 22, "percent_covered": 100.0, "percent_covered_display": "100", "missing_lines": 0, "excluded_lines": 0, "percent_statements_covered": 100.0, "percent_statements_covered_display": "100"}, "missing_lines": [], "excluded_lines": [], "start_line": 276}, "_rebuild_row": {"executed_lines": [312], "summary": {"covered_lines": 1, "num_statements": 1, "percent_covered": 100.0, "percent_covered_display": "100", "missing_lines": 0, "excluded_lines": 0, "percent_statements_covered": 100.0, "percent_statements_covered_display": "100"}, "missing_lines": [], "excluded_lines": [], "start_line": 310}, "_escape_cell": {"executed_lines": [317], "summary": {"covered_lines": 1, "num_statements": 1, "percent_covered": 100.0, "percent_covered_display": "100", "missing_lines": 0, "excluded_lines": 0, "percent_statements_covered": 100.0, "percent_statements_covered_display": "100"}, "missing_lines": [], "excluded_lines": [], "start_line": 315}, "_norm_sep_cell": {"executed_lines": [323, 325, 326, 328], "summary": {"covered_lines": 4, "num_statements": 4, "percent_covered": 100.0, "percent_covered_display": "100", "missing_lines": 0, "excluded_lines": 0, "percent_statements_covered": 100.0, "percent_statements_covered_display": "100"}, "missing_lines": [], "excluded_lines": [], "start_line": 320}, "_normalize_table": {"executed_lines": [333, 334, 336, 337, 341, 343, 345, 347, 348, 349, 351, 352, 353, 355, 356, 357, 358, 360, 363, 365, 366, 367, 368, 369, 370, 372, 377, 382, 383, 385, 386, 387, 388, 390, 391, 392, 395], "summary": {"covered_lines": 37, "num_statements": 45, "percent_covered": 82.22222222222223, "percent_covered_display": "82", "missing_lines": 8, "excluded_lines": 0, "percent_statements_covered": 82.22222222222223, "percent_statements_covered_display": "82"}, "missing_lines": [339, 361, 362, 373, 374, 375, 376, 380], "excluded_lines": [], "start_line": 331}, "_process_tables": {"executed_lines": [400, 401, 403, 404, 406, 410, 411, 413, 414, 416, 417, 419, 422, 423, 427, 428, 429, 430, 432, 436, 440, 441, 443, 444, 445, 446, 448], "summary": {"covered_lines": 27, "num_statements": 34, "percent_covered": 79.41176470588235, "percent_covered_display": "79", "missing_lines": 7, "excluded_lines": 0, "percent_statements_covered": 79.41176470588235, "percent_statements_covered_display": "79"}, "missing_lines": [407, 408, 420, 433, 434, 437, 439], "excluded_lines": [], "start_line": 399}, "_classify": {"executed_lines": [456, 458, 460, 462, 464, 465, 466, 467, 469, 470, 472, 473, 475, 476, 478], "summary": {"covered_lines": 15, "num_statements": 15, "percent_covered": 100.0, "percent_covered_display": "100", "missing_lines": 0, "excluded_lines": 0, "percent_statements_covered": 100.0, "percent_statements_covered_display": "100"}, "missing_lines": [], "excluded_lines": [], "start_line": 454}, "_balance_delim": {"executed_lines": [484, 486, 487, 489, 491, 492, 493, 495, 496, 498, 499, 501, 502, 503, 506, 508, 509, 513, 516, 519, 520, 521, 523, 528, 529, 530, 532, 533, 534, 536], "summary": {"covered_lines": 30, "num_statements": 35, "percent_covered": 85.71428571428571, "percent_covered_display": "86", "missing_lines": 5, "excluded_lines": 0, "percent_statements_covered": 85.71428571428571, "percent_statements_covered_display": "86"}, "missing_lines": [510, 517, 524, 525, 526], "excluded_lines": [], "start_line": 481}, "mask_pairs": {"executed_lines": [541, 543, 544, 545, 546, 548, 549, 551, 552, 554, 556, 557, 558, 571, 574, 575, 577, 578, 579, 580, 582], "summary": {"covered_lines": 21, "num_statements": 29, "percent_covered": 72.41379310344827, "percent_covered_display": "72", "missing_lines": 8, "excluded_lines": 0, "percent_statements_covered": 72.41379310344827, "percent_statements_covered_display": "72"}, "missing_lines": [560, 562, 563, 564, 567, 568, 569, 573], "excluded_lines": [], "start_line": 539}, "fix_emphasis_line": {"executed_lines": [587, 589, 590, 591, 592, 595, 597, 599, 601, 604, 606, 608, 610, 613, 615, 616, 617, 620, 621, 622, 625, 626, 628], "summary": {"covered_lines": 23, "num_statements": 23, "percent_covered": 100.0, "percent_covered_display": "100", "missing_lines": 0, "excluded_lines": 0, "percent_statements_covered": 100.0, "percent_statements_covered_display": "100"}, "missing_lines": [], "excluded_lines": [], "start_line": 585}, "_process_emphasis": {"executed_lines": [634, 635, 638, 639, 640, 642, 643, 644, 646], "summary": {"covered_lines": 9, "num_statements": 10, "percent_covered": 90.0, "percent_covered_display": "90", "missing_lines": 1, "excluded_lines": 0, "percent_statements_covered": 90.0, "percent_statements_covered_display": "90"}, "missing_lines": [637], "excluded_lines": [], "start_line": 632}, "_balance_display_math": {"executed_lines": [653, 654, 656, 657, 659, 660, 661, 663, 668, 669, 672, 673, 677, 682, 683, 685, 687, 689, 690, 691, 692, 694], "summary": {"covered_lines": 22, "num_statements": 27, "percent_covered": 81.48148148148148, "percent_covered_display": "81", "missing_lines": 5, "excluded_lines": 0, "percent_statements_covered": 81.48148148148148, "percent_statements_covered_display": "81"}, "missing_lines": [664, 666, 675, 679, 686], "excluded_lines": [], "start_line": 651}, "_fix_math_line": {"executed_lines": [698, 699, 701, 703, 704, 706, 707, 708, 710, 716, 717, 718, 719, 720, 722, 723, 724, 731, 732, 734], "summary": {"covered_lines": 20, "num_statements": 26, "percent_covered": 76.92307692307692, "percent_covered_display": "77", "missing_lines": 6, "excluded_lines": 0, "percent_statements_covered": 76.92307692307692, "percent_statements_covered_display": "77"}, "missing_lines": [711, 712, 713, 714, 727, 728], "excluded_lines": [], "start_line": 697}, "_process_math": {"executed_lines": [739, 740, 741, 742, 743, 744, 746, 747, 750, 751, 752, 754, 755, 756, 758], "summary": {"covered_lines": 15, "num_statements": 16, "percent_covered": 93.75, "percent_covered_display": "94", "missing_lines": 1, "excluded_lines": 0, "percent_statements_covered": 93.75, "percent_statements_covered_display": "94"}, "missing_lines": [749], "excluded_lines": [], "start_line": 738}, "_process_headings": {"executed_lines": [766, 767, 770, 771, 772, 773, 774, 776], "summary": {"covered_lines": 8, "num_statements": 9, "percent_covered": 88.88888888888889, "percent_covered_display": "89", "missing_lines": 1, "excluded_lines": 0, "percent_statements_covered": 88.88888888888889, "percent_statements_covered_display": "89"}, "missing_lines": [769], "excluded_lines": [], "start_line": 764}, "fix_markdown": {"executed_lines": [784, 785, 787, 788, 790, 792, 794, 796, 798, 800, 802, 803, 804, 805, 807], "summary": {"covered_lines": 15, "num_statements": 15, "percent_covered": 100.0, "percent_covered_display": "100", "missing_lines": 0, "excluded_lines": 0, "percent_statements_covered": 100.0, "percent_statements_covered_display": "100"}, "missing_lines": [], "excluded_lines": [], "start_line": 782}, "": {"executed_lines": [16, 18, 22, 24, 27, 36, 38, 40, 42, 44, 48, 61, 80, 87, 93, 108, 113, 132, 191, 195, 237, 247, 259, 276, 310, 315, 320, 331, 399, 454, 481, 539, 585, 632, 651, 697, 738, 764, 782], "summary": {"covered_lines": 39, "num_statements": 39, "percent_covered": 100.0, "percent_covered_display": "100", "missing_lines": 0, "excluded_lines": 0, "percent_statements_covered": 100.0, "percent_statements_covered_display": "100"}, "missing_lines": [], "excluded_lines": [], "start_line": 1}}, "classes": {"FixResult": {"executed_lines": [28, 29, 30], "summary": {"covered_lines": 3, "num_statements": 3, "percent_covered": 100.0, "percent_covered_display": "100", "missing_lines": 0, "excluded_lines": 0, "percent_statements_covered": 100.0, "percent_statements_covered_display": "100"}, "missing_lines": [], "excluded_lines": [], "start_line": 22}, "": {"executed_lines": [16, 18, 22, 24, 27, 36, 38, 40, 42, 44, 48, 50, 51, 53, 54, 55, 57, 61, 63, 64, 66, 67, 69, 71, 73, 74, 75, 77, 80, 82, 84, 87, 93, 94, 95, 96, 98, 99, 102, 103, 105, 108, 110, 113, 116, 126, 132, 135, 136, 137, 138, 139, 141, 142, 143, 145, 146, 148, 149, 150, 151, 153, 154, 155, 156, 157, 159, 160, 162, 164, 165, 167, 168, 169, 170, 172, 173, 174, 176, 178, 179, 180, 181, 184, 185, 187, 191, 195, 199, 200, 201, 202, 203, 204, 206, 207, 208, 209, 211, 212, 213, 214, 215, 216, 218, 219, 221, 222, 223, 224, 225, 226, 228, 229, 230, 231, 232, 234, 237, 239, 240, 242, 247, 248, 250, 251, 253, 254, 256, 259, 261, 263, 264, 265, 267, 268, 272, 276, 278, 279, 280, 282, 283, 285, 286, 287, 289, 291, 292, 293, 294, 296, 297, 298, 299, 301, 302, 304, 305, 307, 310, 312, 315, 317, 320, 323, 325, 326, 328, 331, 333, 334, 336, 337, 341, 343, 345, 347, 348, 349, 351, 352, 353, 355, 356, 357, 358, 360, 363, 365, 366, 367, 368, 369, 370, 372, 377, 382, 383, 385, 386, 387, 388, 390, 391, 392, 395, 399, 400, 401, 403, 404, 406, 410, 411, 413, 414, 416, 417, 419, 422, 423, 427, 428, 429, 430, 432, 436, 440, 441, 443, 444, 445, 446, 448, 454, 456, 458, 460, 462, 464, 465, 466, 467, 469, 470, 472, 473, 475, 476, 478, 481, 484, 486, 487, 489, 491, 492, 493, 495, 496, 498, 499, 501, 502, 503, 506, 508, 509, 513, 516, 519, 520, 521, 523, 528, 529, 530, 532, 533, 534, 536, 539, 541, 543, 544, 545, 546, 548, 549, 551, 552, 554, 556, 557, 558, 571, 574, 575, 577, 578, 579, 580, 582, 585, 587, 589, 590, 591, 592, 595, 597, 599, 601, 604, 606, 608, 610, 613, 615, 616, 617, 620, 621, 622, 625, 626, 628, 632, 634, 635, 638, 639, 640, 642, 643, 644, 646, 651, 653, 654, 656, 657, 659, 660, 661, 663, 668, 669, 672, 673, 677, 682, 683, 685, 687, 689, 690, 691, 692, 694, 697, 698, 699, 701, 703, 704, 706, 707, 708, 710, 716, 717, 718, 719, 720, 722, 723, 724, 731, 732, 734, 738, 739, 740, 741, 742, 743, 744, 746, 747, 750, 751, 752, 754, 755, 756, 758, 764, 766, 767, 770, 771, 772, 773, 774, 776, 782, 784, 785, 787, 788, 790, 792, 794, 796, 798, 800, 802, 803, 804, 805, 807], "summary": {"covered_lines": 423, "num_statements": 473, "percent_covered": 89.4291754756871, "percent_covered_display": "89", "missing_lines": 50, "excluded_lines": 0, "percent_statements_covered": 89.4291754756871, "percent_statements_covered_display": "89"}, "missing_lines": [89, 117, 118, 119, 121, 122, 124, 270, 339, 361, 362, 373, 374, 375, 376, 380, 407, 408, 420, 433, 434, 437, 439, 510, 517, 524, 525, 526, 560, 562, 563, 564, 567, 568, 569, 573, 637, 664, 666, 675, 679, 686, 711, 712, 713, 714, 727, 728, 749, 769], "excluded_lines": [], "start_line": 1}}}, "src/readmd_core/utils.py": {"executed_lines": [2, 4, 6, 8, 9, 10, 12, 15, 16, 17, 19, 20, 22, 24, 33, 34, 36, 38, 39, 40, 41, 42, 43, 45, 46, 48, 49, 50, 52, 53, 54, 56, 57, 58, 60, 63, 65, 66, 67, 69, 70, 71, 73, 74, 76, 77, 78, 80, 81, 83, 85, 88, 90, 92, 93, 95, 97, 99, 100, 102, 103, 105, 108, 109, 111, 113, 116, 117, 119, 120, 122, 123, 124, 126, 129, 130, 132, 133, 134, 135, 137, 138, 140], "summary": {"covered_lines": 83, "num_statements": 84, "percent_covered": 98.80952380952381, "percent_covered_display": "99", "missing_lines": 1, "excluded_lines": 0, "percent_statements_covered": 98.80952380952381, "percent_statements_covered_display": "99"}, "missing_lines": [106], "excluded_lines": [], "functions": {"load_json": {"executed_lines": [15, 16, 17, 19, 20, 22], "summary": {"covered_lines": 6, "num_statements": 6, "percent_covered": 100.0, "percent_covered_display": "100", "missing_lines": 0, "excluded_lines": 0, "percent_statements_covered": 100.0, "percent_statements_covered_display": "100"}, "missing_lines": [], "excluded_lines": [], "start_line": 12}, "save_json": {"executed_lines": [33, 34, 36, 38, 39, 40, 41, 42, 43, 45, 46, 48, 49, 50, 52, 53, 54, 56, 57, 58, 60, 63, 65, 66, 67, 69, 70, 71, 73, 74, 76, 77, 78, 80, 81, 83], "summary": {"covered_lines": 36, "num_statements": 36, "percent_covered": 100.0, "percent_covered_display": "100", "missing_lines": 0, "excluded_lines": 0, "percent_statements_covered": 100.0, "percent_statements_covered_display": "100"}, "missing_lines": [], "excluded_lines": [], "start_line": 24}, "read_text": {"executed_lines": [88, 90, 92, 93, 95, 97, 99, 100, 102, 103, 105, 108, 109, 111], "summary": {"covered_lines": 14, "num_statements": 15, "percent_covered": 93.33333333333333, "percent_covered_display": "93", "missing_lines": 1, "excluded_lines": 0, "percent_statements_covered": 93.33333333333333, "percent_statements_covered_display": "93"}, "missing_lines": [106], "excluded_lines": [], "start_line": 85}, "_paths_equal": {"executed_lines": [116, 117, 119, 120, 122, 123, 124], "summary": {"covered_lines": 7, "num_statements": 7, "percent_covered": 100.0, "percent_covered_display": "100", "missing_lines": 0, "excluded_lines": 0, "percent_statements_covered": 100.0, "percent_statements_covered_display": "100"}, "missing_lines": [], "excluded_lines": [], "start_line": 113}, "_same_file_target": {"executed_lines": [129, 130, 132, 133, 134, 135, 137, 138, 140], "summary": {"covered_lines": 9, "num_statements": 9, "percent_covered": 100.0, "percent_covered_display": "100", "missing_lines": 0, "excluded_lines": 0, "percent_statements_covered": 100.0, "percent_statements_covered_display": "100"}, "missing_lines": [], "excluded_lines": [], "start_line": 126}, "": {"executed_lines": [2, 4, 6, 8, 9, 10, 12, 24, 85, 113, 126], "summary": {"covered_lines": 11, "num_statements": 11, "percent_covered": 100.0, "percent_covered_display": "100", "missing_lines": 0, "excluded_lines": 0, "percent_statements_covered": 100.0, "percent_statements_covered_display": "100"}, "missing_lines": [], "excluded_lines": [], "start_line": 1}}, "classes": {"": {"executed_lines": [2, 4, 6, 8, 9, 10, 12, 15, 16, 17, 19, 20, 22, 24, 33, 34, 36, 38, 39, 40, 41, 42, 43, 45, 46, 48, 49, 50, 52, 53, 54, 56, 57, 58, 60, 63, 65, 66, 67, 69, 70, 71, 73, 74, 76, 77, 78, 80, 81, 83, 85, 88, 90, 92, 93, 95, 97, 99, 100, 102, 103, 105, 108, 109, 111, 113, 116, 117, 119, 120, 122, 123, 124, 126, 129, 130, 132, 133, 134, 135, 137, 138, 140], "summary": {"covered_lines": 83, "num_statements": 84, "percent_covered": 98.80952380952381, "percent_covered_display": "99", "missing_lines": 1, "excluded_lines": 0, "percent_statements_covered": 98.80952380952381, "percent_statements_covered_display": "99"}, "missing_lines": [106], "excluded_lines": [], "start_line": 1}}}, "src/readmd_modules/__init__.py": {"executed_lines": [8, 10, 11, 12, 13, 14, 16, 17, 19, 21, 23, 26, 28, 30, 32, 34, 36, 51, 58, 60, 62, 63, 64, 66, 67, 68, 70, 71, 72, 74, 76, 77, 79, 80, 82, 83, 84, 86, 87, 88, 92, 93, 94, 96, 98, 103, 106, 110, 112, 113, 116, 118, 121, 127, 130, 133, 134, 136, 137, 139], "summary": {"covered_lines": 60, "num_statements": 74, "percent_covered": 81.08108108108108, "percent_covered_display": "81", "missing_lines": 14, "excluded_lines": 0, "percent_statements_covered": 81.08108108108108, "percent_statements_covered_display": "81"}, "missing_lines": [39, 41, 43, 45, 46, 47, 48, 101, 108, 114, 123, 124, 125, 131], "excluded_lines": [], "functions": {"_known": {"executed_lines": [21], "summary": {"covered_lines": 1, "num_statements": 1, "percent_covered": 100.0, "percent_covered_display": "100", "missing_lines": 0, "excluded_lines": 0, "percent_statements_covered": 100.0, "percent_statements_covered_display": "100"}, "missing_lines": [], "excluded_lines": [], "start_line": 19}, "status": {"executed_lines": [26, 28], "summary": {"covered_lines": 2, "num_statements": 2, "percent_covered": 100.0, "percent_covered_display": "100", "missing_lines": 0, "excluded_lines": 0, "percent_statements_covered": 100.0, "percent_statements_covered_display": "100"}, "missing_lines": [], "excluded_lines": [], "start_line": 23}, "is_ready": {"executed_lines": [32, 34], "summary": {"covered_lines": 2, "num_statements": 2, "percent_covered": 100.0, "percent_covered_display": "100", "missing_lines": 0, "excluded_lines": 0, "percent_statements_covered": 100.0, "percent_statements_covered_display": "100"}, "missing_lines": [], "excluded_lines": [], "start_line": 30}, "set_disabled": {"executed_lines": [], "summary": {"covered_lines": 0, "num_statements": 7, "percent_covered": 0.0, "percent_covered_display": "0", "missing_lines": 7, "excluded_lines": 0, "percent_statements_covered": 0.0, "percent_statements_covered_display": "0"}, "missing_lines": [39, 41, 43, 45, 46, 47, 48], "excluded_lines": [], "start_line": 36}, "load": {"executed_lines": [58, 60, 62, 63, 64, 66, 67, 68, 70, 71, 72, 74], "summary": {"covered_lines": 12, "num_statements": 12, "percent_covered": 100.0, "percent_covered_display": "100", "missing_lines": 0, "excluded_lines": 0, "percent_statements_covered": 100.0, "percent_statements_covered_display": "100"}, "missing_lines": [], "excluded_lines": [], "start_line": 51}, "_run_one": {"executed_lines": [77, 79, 80, 82, 83, 84, 86, 87, 88, 92, 93, 94, 96], "summary": {"covered_lines": 13, "num_statements": 13, "percent_covered": 100.0, "percent_covered_display": "100", "missing_lines": 0, "excluded_lines": 0, "percent_statements_covered": 100.0, "percent_statements_covered_display": "100"}, "missing_lines": [], "excluded_lines": [], "start_line": 76}, "load_all": {"executed_lines": [], "summary": {"covered_lines": 0, "num_statements": 1, "percent_covered": 0.0, "percent_covered_display": "0", "missing_lines": 1, "excluded_lines": 0, "percent_statements_covered": 0.0, "percent_statements_covered_display": "0"}, "missing_lines": [101], "excluded_lines": [], "start_line": 98}, "get": {"executed_lines": [106, 110, 112, 113, 116], "summary": {"covered_lines": 5, "num_statements": 7, "percent_covered": 71.42857142857143, "percent_covered_display": "71", "missing_lines": 2, "excluded_lines": 0, "percent_statements_covered": 71.42857142857143, "percent_statements_covered_display": "71"}, "missing_lines": [108, 114], "excluded_lines": [], "start_line": 103}, "ModuleNotReady.__init__": {"executed_lines": [], "summary": {"covered_lines": 0, "num_statements": 3, "percent_covered": 0.0, "percent_covered_display": "0", "missing_lines": 3, "excluded_lines": 0, "percent_statements_covered": 0.0, "percent_statements_covered_display": "0"}, "missing_lines": [123, 124, 125], "excluded_lines": [], "start_line": 121}, "load_forced": {"executed_lines": [130, 133, 134, 136, 137, 139], "summary": {"covered_lines": 6, "num_statements": 7, "percent_covered": 85.71428571428571, "percent_covered_display": "86", "missing_lines": 1, "excluded_lines": 0, "percent_statements_covered": 85.71428571428571, "percent_statements_covered_display": "86"}, "missing_lines": [131], "excluded_lines": [], "start_line": 127}, "": {"executed_lines": [8, 10, 11, 12, 13, 14, 16, 17, 19, 23, 30, 36, 51, 76, 98, 103, 118, 121, 127], "summary": {"covered_lines": 19, "num_statements": 19, "percent_covered": 100.0, "percent_covered_display": "100", "missing_lines": 0, "excluded_lines": 0, "percent_statements_covered": 100.0, "percent_statements_covered_display": "100"}, "missing_lines": [], "excluded_lines": [], "start_line": 1}}, "classes": {"ModuleNotReady": {"executed_lines": [], "summary": {"covered_lines": 0, "num_statements": 3, "percent_covered": 0.0, "percent_covered_display": "0", "missing_lines": 3, "excluded_lines": 0, "percent_statements_covered": 0.0, "percent_statements_covered_display": "0"}, "missing_lines": [123, 124, 125], "excluded_lines": [], "start_line": 118}, "": {"executed_lines": [8, 10, 11, 12, 13, 14, 16, 17, 19, 21, 23, 26, 28, 30, 32, 34, 36, 51, 58, 60, 62, 63, 64, 66, 67, 68, 70, 71, 72, 74, 76, 77, 79, 80, 82, 83, 84, 86, 87, 88, 92, 93, 94, 96, 98, 103, 106, 110, 112, 113, 116, 118, 121, 127, 130, 133, 134, 136, 137, 139], "summary": {"covered_lines": 60, "num_statements": 71, "percent_covered": 84.50704225352112, "percent_covered_display": "85", "missing_lines": 11, "excluded_lines": 0, "percent_statements_covered": 84.50704225352112, "percent_statements_covered_display": "85"}, "missing_lines": [39, 41, 43, 45, 46, 47, 48, 101, 108, 114, 131], "excluded_lines": [], "start_line": 1}}}, "src/readmd_modules/ai.py": {"executed_lines": [7, 9, 11, 13, 14, 15, 16, 17, 20, 23, 25, 26, 28, 30, 33, 36, 39, 48, 49, 50, 51, 54, 55, 56, 57, 59, 60, 61, 63, 65, 66, 68, 70, 71, 72, 73, 74, 76, 78, 80, 81, 83, 85, 86, 88, 90, 92, 93, 94, 95, 96, 98, 105, 106, 108, 110, 112, 113, 114, 115, 117, 118, 120, 121, 122, 124, 126, 127, 128, 130, 132, 133, 134, 136, 138, 140, 141, 143, 145, 146, 148, 150, 151, 152, 153, 154, 155, 156, 158, 160, 161, 164, 165, 166, 167, 169, 171, 172, 173, 175, 177, 178, 179, 184, 186, 187, 189, 191, 194, 195, 197, 198, 200, 201, 203, 205, 207, 208, 209, 211, 213, 214, 216, 218, 219, 221, 240, 259, 260, 262, 264, 266, 268, 269, 272, 274, 275, 277, 279, 280, 281, 283, 285, 287, 289, 290, 293, 296, 297, 300, 302, 303, 305, 307, 311, 313, 315, 316, 318, 321, 323, 325, 327, 329, 357, 359, 361, 363, 364, 366, 367, 369, 370, 372, 373, 375, 377, 466, 555, 652, 653, 655, 656, 658, 659, 661, 662, 664, 665, 667, 669, 772, 774, 775, 777, 778, 780, 781, 783, 784, 791, 793, 795, 797, 799, 801, 802, 803, 804, 805, 808, 809, 810, 812, 813, 819, 820, 821, 823, 824, 826, 830], "summary": {"covered_lines": 222, "num_statements": 515, "percent_covered": 43.10679611650485, "percent_covered_display": "43", "missing_lines": 293, "excluded_lines": 0, "percent_statements_covered": 43.10679611650485, "percent_statements_covered_display": "43"}, "missing_lines": [100, 101, 102, 103, 181, 182, 222, 224, 225, 226, 228, 229, 231, 232, 234, 235, 237, 238, 241, 243, 244, 246, 248, 249, 251, 252, 254, 255, 257, 319, 331, 333, 335, 337, 339, 341, 342, 343, 345, 347, 349, 351, 353, 355, 379, 381, 382, 383, 384, 386, 387, 389, 390, 391, 392, 394, 395, 396, 398, 399, 400, 402, 403, 405, 406, 408, 409, 411, 413, 415, 417, 418, 420, 422, 423, 425, 426, 428, 429, 431, 432, 434, 435, 436, 438, 440, 441, 443, 444, 445, 446, 447, 449, 450, 452, 456, 457, 459, 460, 461, 462, 464, 467, 468, 470, 471, 472, 474, 475, 477, 478, 479, 480, 483, 484, 485, 486, 487, 488, 490, 491, 493, 494, 496, 497, 499, 501, 503, 504, 506, 507, 509, 510, 512, 514, 516, 517, 519, 520, 522, 523, 525, 526, 528, 530, 531, 533, 534, 535, 536, 538, 539, 541, 545, 546, 548, 549, 550, 551, 553, 556, 557, 559, 561, 562, 565, 566, 567, 569, 570, 572, 573, 574, 576, 578, 579, 580, 581, 582, 583, 585, 586, 588, 589, 591, 592, 594, 595, 597, 599, 600, 602, 604, 605, 607, 609, 611, 612, 615, 616, 618, 620, 621, 623, 624, 626, 628, 629, 630, 632, 633, 635, 636, 638, 642, 643, 645, 646, 647, 648, 650, 671, 673, 674, 675, 676, 677, 679, 680, 682, 683, 685, 687, 689, 690, 691, 692, 693, 694, 696, 697, 699, 700, 702, 703, 704, 706, 708, 710, 712, 713, 715, 717, 718, 720, 721, 723, 724, 726, 728, 730, 731, 733, 734, 735, 737, 738, 740, 742, 744, 745, 747, 749, 751, 752, 754, 755, 757, 761, 762, 764, 765, 766, 767, 768, 770, 786, 787, 789, 815, 816, 818, 828], "excluded_lines": [], "functions": {"load": {"executed_lines": [36], "summary": {"covered_lines": 1, "num_statements": 1, "percent_covered": 100.0, "percent_covered_display": "100", "missing_lines": 0, "excluded_lines": 0, "percent_statements_covered": 100.0, "percent_statements_covered_display": "100"}, "missing_lines": [], "excluded_lines": [], "start_line": 33}, "ensure_config": {"executed_lines": [48, 49, 50, 51, 54, 55, 56, 57, 59, 60, 61, 63, 65, 66, 68, 70, 71, 72, 73, 74, 76], "summary": {"covered_lines": 21, "num_statements": 21, "percent_covered": 100.0, "percent_covered_display": "100", "missing_lines": 0, "excluded_lines": 0, "percent_statements_covered": 100.0, "percent_statements_covered_display": "100"}, "missing_lines": [], "excluded_lines": [], "start_line": 39}, "_read_cfg": {"executed_lines": [80, 81, 83, 85, 86, 88], "summary": {"covered_lines": 6, "num_statements": 6, "percent_covered": 100.0, "percent_covered_display": "100", "missing_lines": 0, "excluded_lines": 0, "percent_statements_covered": 100.0, "percent_statements_covered_display": "100"}, "missing_lines": [], "excluded_lines": [], "start_line": 78}, "_write_cfg": {"executed_lines": [92, 93, 94, 95, 96, 98], "summary": {"covered_lines": 6, "num_statements": 10, "percent_covered": 60.0, "percent_covered_display": "60", "missing_lines": 4, "excluded_lines": 0, "percent_statements_covered": 60.0, "percent_statements_covered_display": "60"}, "missing_lines": [100, 101, 102, 103], "excluded_lines": [], "start_line": 90}, "get_config": {"executed_lines": [106, 108, 110, 121, 122, 124], "summary": {"covered_lines": 6, "num_statements": 6, "percent_covered": 100.0, "percent_covered_display": "100", "missing_lines": 0, "excluded_lines": 0, "percent_statements_covered": 100.0, "percent_statements_covered_display": "100"}, "missing_lines": [], "excluded_lines": [], "start_line": 105}, "get_config.annotate": {"executed_lines": [112, 113, 114, 115, 117, 118, 120], "summary": {"covered_lines": 7, "num_statements": 7, "percent_covered": 100.0, "percent_covered_display": "100", "missing_lines": 0, "excluded_lines": 0, "percent_statements_covered": 100.0, "percent_statements_covered_display": "100"}, "missing_lines": [], "excluded_lines": [], "start_line": 110}, "save_config": {"executed_lines": [127, 128, 130, 132, 133, 134, 136, 138, 140, 141, 143, 145, 146, 148, 150, 151, 152, 153, 154, 155, 156, 158, 160, 161, 164, 165, 166, 167, 169, 171, 172, 173, 175], "summary": {"covered_lines": 33, "num_statements": 33, "percent_covered": 100.0, "percent_covered_display": "100", "missing_lines": 0, "excluded_lines": 0, "percent_statements_covered": 100.0, "percent_statements_covered_display": "100"}, "missing_lines": [], "excluded_lines": [], "start_line": 126}, "find_provider": {"executed_lines": [178, 179, 184, 186, 187, 189], "summary": {"covered_lines": 6, "num_statements": 8, "percent_covered": 75.0, "percent_covered_display": "75", "missing_lines": 2, "excluded_lines": 0, "percent_statements_covered": 75.0, "percent_statements_covered_display": "75"}, "missing_lines": [181, 182], "excluded_lines": [], "start_line": 177}, "resolve_key": {"executed_lines": [194, 195, 197, 198, 200, 201, 203, 205], "summary": {"covered_lines": 8, "num_statements": 8, "percent_covered": 100.0, "percent_covered_display": "100", "missing_lines": 0, "excluded_lines": 0, "percent_statements_covered": 100.0, "percent_statements_covered_display": "100"}, "missing_lines": [], "excluded_lines": [], "start_line": 191}, "key_source": {"executed_lines": [208, 209, 211, 213, 214, 216], "summary": {"covered_lines": 6, "num_statements": 6, "percent_covered": 100.0, "percent_covered_display": "100", "missing_lines": 0, "excluded_lines": 0, "percent_statements_covered": 100.0, "percent_statements_covered_display": "100"}, "missing_lines": [], "excluded_lines": [], "start_line": 207}, "_http_json": {"executed_lines": [], "summary": {"covered_lines": 0, "num_statements": 12, "percent_covered": 0.0, "percent_covered_display": "0", "missing_lines": 12, "excluded_lines": 0, "percent_statements_covered": 0.0, "percent_statements_covered_display": "0"}, "missing_lines": [222, 224, 225, 226, 228, 229, 231, 232, 234, 235, 237, 238], "excluded_lines": [], "start_line": 221}, "_http_stream": {"executed_lines": [], "summary": {"covered_lines": 0, "num_statements": 11, "percent_covered": 0.0, "percent_covered_display": "0", "missing_lines": 11, "excluded_lines": 0, "percent_statements_covered": 0.0, "percent_statements_covered_display": "0"}, "missing_lines": [241, 243, 244, 246, 248, 249, 251, 252, 254, 255, 257], "excluded_lines": [], "start_line": 240}, "_openai_messages": {"executed_lines": [260, 262, 264, 266, 268, 269, 272, 274, 275, 277], "summary": {"covered_lines": 10, "num_statements": 10, "percent_covered": 100.0, "percent_covered_display": "100", "missing_lines": 0, "excluded_lines": 0, "percent_statements_covered": 100.0, "percent_statements_covered_display": "100"}, "missing_lines": [], "excluded_lines": [], "start_line": 259}, "_anthropic_messages": {"executed_lines": [280, 281, 283, 285, 287, 289, 290, 293, 296, 297, 300, 302, 303, 305], "summary": {"covered_lines": 14, "num_statements": 14, "percent_covered": 100.0, "percent_covered_display": "100", "missing_lines": 0, "excluded_lines": 0, "percent_statements_covered": 100.0, "percent_statements_covered_display": "100"}, "missing_lines": [], "excluded_lines": [], "start_line": 279}, "chat": {"executed_lines": [311, 313, 315, 316, 318, 321, 323, 325, 327, 329], "summary": {"covered_lines": 10, "num_statements": 25, "percent_covered": 40.0, "percent_covered_display": "40", "missing_lines": 15, "excluded_lines": 0, "percent_statements_covered": 40.0, "percent_statements_covered_display": "40"}, "missing_lines": [319, 331, 333, 335, 337, 339, 341, 342, 343, 345, 347, 349, 351, 353, 355], "excluded_lines": [], "start_line": 307}, "_openai_usage": {"executed_lines": [359, 361, 363, 364, 366, 367, 369, 370, 372, 373, 375], "summary": {"covered_lines": 11, "num_statements": 11, "percent_covered": 100.0, "percent_covered_display": "100", "missing_lines": 0, "excluded_lines": 0, "percent_statements_covered": 100.0, "percent_statements_covered_display": "100"}, "missing_lines": [], "excluded_lines": [], "start_line": 357}, "_chat_openai": {"executed_lines": [], "summary": {"covered_lines": 0, "num_statements": 19, "percent_covered": 0.0, "percent_covered_display": "0", "missing_lines": 19, "excluded_lines": 0, "percent_statements_covered": 0.0, "percent_statements_covered_display": "0"}, "missing_lines": [379, 381, 382, 383, 384, 386, 387, 389, 390, 391, 392, 394, 400, 402, 403, 405, 406, 408, 464], "excluded_lines": [], "start_line": 377}, "_chat_openai.g": {"executed_lines": [], "summary": {"covered_lines": 0, "num_statements": 4, "percent_covered": 0.0, "percent_covered_display": "0", "missing_lines": 4, "excluded_lines": 0, "percent_statements_covered": 0.0, "percent_statements_covered_display": "0"}, "missing_lines": [395, 396, 398, 399], "excluded_lines": [], "start_line": 394}, "_chat_openai.gen": {"executed_lines": [], "summary": {"covered_lines": 0, "num_statements": 35, "percent_covered": 0.0, "percent_covered_display": "0", "missing_lines": 35, "excluded_lines": 0, "percent_statements_covered": 0.0, "percent_statements_covered_display": "0"}, "missing_lines": [409, 411, 413, 415, 417, 418, 420, 422, 423, 425, 426, 428, 429, 431, 432, 434, 435, 436, 438, 440, 441, 443, 444, 445, 446, 447, 449, 450, 452, 456, 457, 459, 460, 461, 462], "excluded_lines": [], "start_line": 408}, "_chat_openai_completion": {"executed_lines": [], "summary": {"covered_lines": 0, "num_statements": 19, "percent_covered": 0.0, "percent_covered_display": "0", "missing_lines": 19, "excluded_lines": 0, "percent_statements_covered": 0.0, "percent_statements_covered_display": "0"}, "missing_lines": [467, 468, 470, 471, 472, 474, 475, 477, 478, 479, 480, 483, 488, 490, 491, 493, 494, 496, 553], "excluded_lines": [], "start_line": 466}, "_chat_openai_completion.g": {"executed_lines": [], "summary": {"covered_lines": 0, "num_statements": 4, "percent_covered": 0.0, "percent_covered_display": "0", "missing_lines": 4, "excluded_lines": 0, "percent_statements_covered": 0.0, "percent_statements_covered_display": "0"}, "missing_lines": [484, 485, 486, 487], "excluded_lines": [], "start_line": 483}, "_chat_openai_completion.gen": {"executed_lines": [], "summary": {"covered_lines": 0, "num_statements": 35, "percent_covered": 0.0, "percent_covered_display": "0", "missing_lines": 35, "excluded_lines": 0, "percent_statements_covered": 0.0, "percent_statements_covered_display": "0"}, "missing_lines": [497, 499, 501, 503, 504, 506, 507, 509, 510, 512, 514, 516, 517, 519, 520, 522, 523, 525, 526, 528, 530, 531, 533, 534, 535, 536, 538, 539, 541, 545, 546, 548, 549, 550, 551], "excluded_lines": [], "start_line": 496}, "_chat_openai_responses": {"executed_lines": [], "summary": {"covered_lines": 0, "num_statements": 22, "percent_covered": 0.0, "percent_covered_display": "0", "missing_lines": 22, "excluded_lines": 0, "percent_statements_covered": 0.0, "percent_statements_covered_display": "0"}, "missing_lines": [556, 557, 559, 561, 562, 565, 566, 567, 569, 570, 572, 573, 574, 576, 578, 583, 585, 586, 588, 589, 591, 650], "excluded_lines": [], "start_line": 555}, "_chat_openai_responses.g": {"executed_lines": [], "summary": {"covered_lines": 0, "num_statements": 4, "percent_covered": 0.0, "percent_covered_display": "0", "missing_lines": 4, "excluded_lines": 0, "percent_statements_covered": 0.0, "percent_statements_covered_display": "0"}, "missing_lines": [579, 580, 581, 582], "excluded_lines": [], "start_line": 578}, "_chat_openai_responses.gen": {"executed_lines": [], "summary": {"covered_lines": 0, "num_statements": 35, "percent_covered": 0.0, "percent_covered_display": "0", "missing_lines": 35, "excluded_lines": 0, "percent_statements_covered": 0.0, "percent_statements_covered_display": "0"}, "missing_lines": [592, 594, 595, 597, 599, 600, 602, 604, 605, 607, 609, 611, 612, 615, 616, 618, 620, 621, 623, 624, 626, 628, 629, 630, 632, 633, 635, 636, 638, 642, 643, 645, 646, 647, 648], "excluded_lines": [], "start_line": 591}, "_anthropic_usage": {"executed_lines": [653, 655, 656, 658, 659, 661, 662, 664, 665, 667], "summary": {"covered_lines": 10, "num_statements": 10, "percent_covered": 100.0, "percent_covered_display": "100", "missing_lines": 0, "excluded_lines": 0, "percent_statements_covered": 100.0, "percent_statements_covered_display": "100"}, "missing_lines": [], "excluded_lines": [], "start_line": 652}, "_chat_anthropic": {"executed_lines": [], "summary": {"covered_lines": 0, "num_statements": 20, "percent_covered": 0.0, "percent_covered_display": "0", "missing_lines": 20, "excluded_lines": 0, "percent_statements_covered": 0.0, "percent_statements_covered_display": "0"}, "missing_lines": [671, 673, 674, 675, 676, 677, 679, 680, 682, 683, 685, 687, 689, 694, 696, 697, 699, 700, 702, 770], "excluded_lines": [], "start_line": 669}, "_chat_anthropic.g": {"executed_lines": [], "summary": {"covered_lines": 0, "num_statements": 4, "percent_covered": 0.0, "percent_covered_display": "0", "missing_lines": 4, "excluded_lines": 0, "percent_statements_covered": 0.0, "percent_statements_covered_display": "0"}, "missing_lines": [690, 691, 692, 693], "excluded_lines": [], "start_line": 689}, "_chat_anthropic.gen": {"executed_lines": [], "summary": {"covered_lines": 0, "num_statements": 41, "percent_covered": 0.0, "percent_covered_display": "0", "missing_lines": 41, "excluded_lines": 0, "percent_statements_covered": 0.0, "percent_statements_covered_display": "0"}, "missing_lines": [703, 704, 706, 708, 710, 712, 713, 715, 717, 718, 720, 721, 723, 724, 726, 728, 730, 731, 733, 734, 735, 737, 738, 740, 742, 744, 745, 747, 749, 751, 752, 754, 755, 757, 761, 762, 764, 765, 766, 767, 768], "excluded_lines": [], "start_line": 702}, "_http_get_json": {"executed_lines": [774, 775, 777, 778, 780, 781, 783, 784], "summary": {"covered_lines": 8, "num_statements": 11, "percent_covered": 72.72727272727273, "percent_covered_display": "73", "missing_lines": 3, "excluded_lines": 0, "percent_statements_covered": 72.72727272727273, "percent_statements_covered_display": "73"}, "missing_lines": [786, 787, 789], "excluded_lines": [], "start_line": 772}, "list_models": {"executed_lines": [793, 795, 797, 799, 801, 802, 803, 804, 805, 808, 809, 810, 812, 813, 819, 820, 821, 823, 824, 826, 830], "summary": {"covered_lines": 21, "num_statements": 25, "percent_covered": 84.0, "percent_covered_display": "84", "missing_lines": 4, "excluded_lines": 0, "percent_statements_covered": 84.0, "percent_statements_covered_display": "84"}, "missing_lines": [815, 816, 818, 828], "excluded_lines": [], "start_line": 791}, "": {"executed_lines": [7, 9, 11, 13, 14, 15, 16, 17, 20, 23, 25, 26, 28, 30, 33, 39, 78, 90, 105, 126, 177, 191, 207, 218, 219, 221, 240, 259, 279, 307, 357, 377, 466, 555, 652, 669, 772, 791], "summary": {"covered_lines": 38, "num_statements": 38, "percent_covered": 100.0, "percent_covered_display": "100", "missing_lines": 0, "excluded_lines": 0, "percent_statements_covered": 100.0, "percent_statements_covered_display": "100"}, "missing_lines": [], "excluded_lines": [], "start_line": 1}}, "classes": {"ChatError": {"executed_lines": [], "summary": {"covered_lines": 0, "num_statements": 0, "percent_covered": 100.0, "percent_covered_display": "100", "missing_lines": 0, "excluded_lines": 0, "percent_statements_covered": 100.0, "percent_statements_covered_display": "100"}, "missing_lines": [], "excluded_lines": [], "start_line": 218}, "": {"executed_lines": [7, 9, 11, 13, 14, 15, 16, 17, 20, 23, 25, 26, 28, 30, 33, 36, 39, 48, 49, 50, 51, 54, 55, 56, 57, 59, 60, 61, 63, 65, 66, 68, 70, 71, 72, 73, 74, 76, 78, 80, 81, 83, 85, 86, 88, 90, 92, 93, 94, 95, 96, 98, 105, 106, 108, 110, 112, 113, 114, 115, 117, 118, 120, 121, 122, 124, 126, 127, 128, 130, 132, 133, 134, 136, 138, 140, 141, 143, 145, 146, 148, 150, 151, 152, 153, 154, 155, 156, 158, 160, 161, 164, 165, 166, 167, 169, 171, 172, 173, 175, 177, 178, 179, 184, 186, 187, 189, 191, 194, 195, 197, 198, 200, 201, 203, 205, 207, 208, 209, 211, 213, 214, 216, 218, 219, 221, 240, 259, 260, 262, 264, 266, 268, 269, 272, 274, 275, 277, 279, 280, 281, 283, 285, 287, 289, 290, 293, 296, 297, 300, 302, 303, 305, 307, 311, 313, 315, 316, 318, 321, 323, 325, 327, 329, 357, 359, 361, 363, 364, 366, 367, 369, 370, 372, 373, 375, 377, 466, 555, 652, 653, 655, 656, 658, 659, 661, 662, 664, 665, 667, 669, 772, 774, 775, 777, 778, 780, 781, 783, 784, 791, 793, 795, 797, 799, 801, 802, 803, 804, 805, 808, 809, 810, 812, 813, 819, 820, 821, 823, 824, 826, 830], "summary": {"covered_lines": 222, "num_statements": 515, "percent_covered": 43.10679611650485, "percent_covered_display": "43", "missing_lines": 293, "excluded_lines": 0, "percent_statements_covered": 43.10679611650485, "percent_statements_covered_display": "43"}, "missing_lines": [100, 101, 102, 103, 181, 182, 222, 224, 225, 226, 228, 229, 231, 232, 234, 235, 237, 238, 241, 243, 244, 246, 248, 249, 251, 252, 254, 255, 257, 319, 331, 333, 335, 337, 339, 341, 342, 343, 345, 347, 349, 351, 353, 355, 379, 381, 382, 383, 384, 386, 387, 389, 390, 391, 392, 394, 395, 396, 398, 399, 400, 402, 403, 405, 406, 408, 409, 411, 413, 415, 417, 418, 420, 422, 423, 425, 426, 428, 429, 431, 432, 434, 435, 436, 438, 440, 441, 443, 444, 445, 446, 447, 449, 450, 452, 456, 457, 459, 460, 461, 462, 464, 467, 468, 470, 471, 472, 474, 475, 477, 478, 479, 480, 483, 484, 485, 486, 487, 488, 490, 491, 493, 494, 496, 497, 499, 501, 503, 504, 506, 507, 509, 510, 512, 514, 516, 517, 519, 520, 522, 523, 525, 526, 528, 530, 531, 533, 534, 535, 536, 538, 539, 541, 545, 546, 548, 549, 550, 551, 553, 556, 557, 559, 561, 562, 565, 566, 567, 569, 570, 572, 573, 574, 576, 578, 579, 580, 581, 582, 583, 585, 586, 588, 589, 591, 592, 594, 595, 597, 599, 600, 602, 604, 605, 607, 609, 611, 612, 615, 616, 618, 620, 621, 623, 624, 626, 628, 629, 630, 632, 633, 635, 636, 638, 642, 643, 645, 646, 647, 648, 650, 671, 673, 674, 675, 676, 677, 679, 680, 682, 683, 685, 687, 689, 690, 691, 692, 693, 694, 696, 697, 699, 700, 702, 703, 704, 706, 708, 710, 712, 713, 715, 717, 718, 720, 721, 723, 724, 726, 728, 730, 731, 733, 734, 735, 737, 738, 740, 742, 744, 745, 747, 749, 751, 752, 754, 755, 757, 761, 762, 764, 765, 766, 767, 768, 770, 786, 787, 789, 815, 816, 818, 828], "excluded_lines": [], "start_line": 1}}}, "src/readmd_modules/bibtex.py": {"executed_lines": [15, 17, 20, 23, 28, 31, 33, 34, 36, 45, 47, 49, 50, 52, 54, 55, 56, 59, 60, 61, 63, 64, 66, 67, 69, 70, 72, 73, 75, 77, 78, 81, 87, 88, 89, 93, 95, 97, 100, 104, 106, 107, 109, 111, 112, 114, 116, 117, 118, 121, 122, 123, 124, 126, 127, 128, 130, 132, 135, 136, 138, 139, 140, 142, 143, 171, 173, 174, 175, 178, 181, 183, 185, 187, 191, 197, 198, 202, 204, 205, 212, 213, 214, 220, 223, 226, 229, 231, 233, 235, 237, 239, 241, 243, 244, 246, 247, 249, 250, 252, 253, 255, 256, 258, 259, 263, 264, 265, 268, 271], "summary": {"covered_lines": 110, "num_statements": 159, "percent_covered": 69.18238993710692, "percent_covered_display": "69", "missing_lines": 49, "excluded_lines": 0, "percent_statements_covered": 69.18238993710692, "percent_statements_covered_display": "69"}, "missing_lines": [29, 38, 39, 41, 83, 133, 145, 146, 148, 150, 151, 152, 154, 155, 160, 161, 162, 163, 166, 167, 188, 193, 200, 208, 209, 215, 216, 217, 261, 274, 276, 278, 280, 282, 284, 287, 288, 289, 292, 294, 296, 297, 298, 299, 301, 303, 304, 305, 308], "excluded_lines": [], "functions": {"parse_bibtex_file": {"executed_lines": [28, 31, 33, 34, 36, 45, 47, 49, 50, 52, 54, 55, 56, 59, 60, 61, 63, 64, 66, 67, 69, 70, 72, 73, 75, 77, 78, 81, 87, 88, 89, 93, 95, 97, 100], "summary": {"covered_lines": 35, "num_statements": 40, "percent_covered": 87.5, "percent_covered_display": "88", "missing_lines": 5, "excluded_lines": 0, "percent_statements_covered": 87.5, "percent_statements_covered_display": "88"}, "missing_lines": [29, 38, 39, 41, 83], "excluded_lines": [], "start_line": 23}, "parse_bib_fields": {"executed_lines": [106, 107, 109, 111, 112, 114, 116, 117, 118, 121, 122, 123, 124, 126, 127, 128, 130, 132, 135, 136, 138, 139, 140, 142, 143, 171, 173, 174, 175, 178], "summary": {"covered_lines": 30, "num_statements": 45, "percent_covered": 66.66666666666667, "percent_covered_display": "67", "missing_lines": 15, "excluded_lines": 0, "percent_statements_covered": 66.66666666666667, "percent_statements_covered_display": "67"}, "missing_lines": [133, 145, 146, 148, 150, 151, 152, 154, 155, 160, 161, 162, 163, 166, 167], "excluded_lines": [], "start_line": 104}, "format_short_cite": {"executed_lines": [183, 185, 187, 191, 197, 198, 202, 204, 205, 212, 213, 214, 220, 223], "summary": {"covered_lines": 14, "num_statements": 22, "percent_covered": 63.63636363636363, "percent_covered_display": "64", "missing_lines": 8, "excluded_lines": 0, "percent_statements_covered": 63.63636363636363, "percent_statements_covered_display": "64"}, "missing_lines": [188, 193, 200, 208, 209, 215, 216, 217], "excluded_lines": [], "start_line": 181}, "format_full_reference": {"executed_lines": [229, 231, 233, 235, 237, 239, 241, 243, 244, 246, 247, 249, 250, 252, 253, 255, 256, 258, 259, 263, 264, 265, 268], "summary": {"covered_lines": 23, "num_statements": 24, "percent_covered": 95.83333333333333, "percent_covered_display": "96", "missing_lines": 1, "excluded_lines": 0, "percent_statements_covered": 95.83333333333333, "percent_statements_covered_display": "96"}, "missing_lines": [261], "excluded_lines": [], "start_line": 226}, "find_and_load_bib_for_file": {"executed_lines": [], "summary": {"covered_lines": 0, "num_statements": 20, "percent_covered": 0.0, "percent_covered_display": "0", "missing_lines": 20, "excluded_lines": 0, "percent_statements_covered": 0.0, "percent_statements_covered_display": "0"}, "missing_lines": [274, 276, 278, 280, 282, 284, 287, 288, 289, 292, 294, 296, 297, 298, 299, 301, 303, 304, 305, 308], "excluded_lines": [], "start_line": 271}, "": {"executed_lines": [15, 17, 20, 23, 104, 181, 226, 271], "summary": {"covered_lines": 8, "num_statements": 8, "percent_covered": 100.0, "percent_covered_display": "100", "missing_lines": 0, "excluded_lines": 0, "percent_statements_covered": 100.0, "percent_statements_covered_display": "100"}, "missing_lines": [], "excluded_lines": [], "start_line": 1}}, "classes": {"": {"executed_lines": [15, 17, 20, 23, 28, 31, 33, 34, 36, 45, 47, 49, 50, 52, 54, 55, 56, 59, 60, 61, 63, 64, 66, 67, 69, 70, 72, 73, 75, 77, 78, 81, 87, 88, 89, 93, 95, 97, 100, 104, 106, 107, 109, 111, 112, 114, 116, 117, 118, 121, 122, 123, 124, 126, 127, 128, 130, 132, 135, 136, 138, 139, 140, 142, 143, 171, 173, 174, 175, 178, 181, 183, 185, 187, 191, 197, 198, 202, 204, 205, 212, 213, 214, 220, 223, 226, 229, 231, 233, 235, 237, 239, 241, 243, 244, 246, 247, 249, 250, 252, 253, 255, 256, 258, 259, 263, 264, 265, 268, 271], "summary": {"covered_lines": 110, "num_statements": 159, "percent_covered": 69.18238993710692, "percent_covered_display": "69", "missing_lines": 49, "excluded_lines": 0, "percent_statements_covered": 69.18238993710692, "percent_statements_covered_display": "69"}, "missing_lines": [29, 38, 39, 41, 83, 133, 145, 146, 148, 150, 151, 152, 154, 155, 160, 161, 162, 163, 166, 167, 188, 193, 200, 208, 209, 215, 216, 217, 261, 274, 276, 278, 280, 282, 284, 287, 288, 289, 292, 294, 296, 297, 298, 299, 301, 303, 304, 305, 308], "excluded_lines": [], "start_line": 1}}}, "src/readmd_modules/convert.py": {"executed_lines": [2, 3, 4, 6, 7, 8, 10, 11, 13, 15, 17, 19, 22, 24, 26, 27, 29, 32, 34, 36, 37, 39, 41, 42, 44, 45, 47, 48, 50, 52, 53, 55, 57, 58, 60, 61, 67, 69, 70, 72, 73, 74, 80, 81, 89, 105, 107, 109, 111, 113, 116, 117, 119, 121, 123, 125, 127, 131, 133, 134, 135, 137, 138, 139, 142, 144, 146, 147, 149, 151, 164, 165, 167, 169, 170, 171, 172, 173, 180, 182, 183, 184, 186, 188, 189, 190, 192, 194, 201, 202, 203, 204, 205, 206, 210, 212, 213, 214, 216, 217, 219, 221, 223, 229, 231, 232, 233, 234, 235, 237, 238, 240, 241, 248, 252, 254, 255, 256, 257, 259, 260, 261, 263, 265, 267, 269, 270, 271, 273, 275, 277, 279, 281, 283, 284, 297, 298, 299, 300, 302, 303, 304, 306, 310, 319, 330, 340, 345, 361, 377, 382, 392, 395, 397, 399, 400, 406, 407, 409, 416, 418, 420, 422, 426, 446, 447, 449, 450, 452, 454, 456, 458, 459, 461, 462, 464, 467, 469, 470, 471, 473, 476, 478, 480, 483, 484, 503, 505, 506, 507, 509, 511, 512, 513, 514, 515, 517, 523, 525, 558, 560, 562, 563, 565, 567, 569, 570, 571, 572, 574, 577, 585, 588, 590, 592, 598, 616, 624, 632, 633, 635, 637, 638, 640, 644, 645, 646, 648, 649, 651, 655, 656, 661, 667, 668, 669, 671, 673, 674, 675, 683, 685, 686, 687, 689, 693, 695, 698, 700, 701, 702, 704, 706, 707, 709, 710, 712, 713, 715, 717, 719, 721, 722, 723, 724, 726, 727, 729, 834], "summary": {"covered_lines": 269, "num_statements": 565, "percent_covered": 47.610619469026545, "percent_covered_display": "48", "missing_lines": 296, "excluded_lines": 0, "percent_statements_covered": 47.610619469026545, "percent_statements_covered_display": "48"}, "missing_lines": [63, 64, 66, 75, 77, 78, 83, 84, 86, 92, 94, 95, 97, 98, 100, 101, 102, 104, 122, 129, 152, 154, 156, 157, 159, 161, 162, 175, 177, 178, 195, 196, 197, 199, 208, 224, 226, 228, 243, 244, 246, 247, 250, 286, 287, 289, 290, 292, 293, 295, 308, 311, 312, 313, 315, 317, 320, 321, 322, 323, 324, 326, 328, 331, 332, 333, 334, 335, 337, 339, 341, 343, 346, 347, 349, 351, 352, 353, 354, 355, 357, 359, 362, 363, 365, 366, 368, 370, 371, 372, 373, 374, 376, 378, 380, 383, 384, 385, 386, 387, 389, 391, 394, 402, 403, 404, 410, 412, 414, 424, 427, 429, 430, 432, 434, 435, 436, 437, 439, 440, 441, 442, 444, 466, 475, 477, 479, 481, 485, 487, 489, 490, 491, 493, 494, 495, 496, 498, 499, 501, 502, 518, 520, 521, 527, 528, 530, 531, 532, 534, 535, 537, 538, 539, 541, 542, 543, 544, 546, 548, 549, 550, 551, 553, 554, 556, 578, 579, 580, 582, 583, 594, 595, 596, 599, 600, 602, 604, 605, 606, 608, 610, 611, 612, 613, 614, 617, 618, 619, 620, 621, 622, 625, 626, 628, 629, 630, 631, 636, 641, 652, 654, 658, 659, 660, 663, 665, 666, 677, 679, 680, 681, 682, 691, 731, 732, 734, 735, 737, 738, 740, 741, 743, 744, 745, 746, 747, 749, 750, 752, 753, 755, 757, 758, 760, 761, 763, 764, 766, 767, 769, 770, 772, 774, 775, 776, 778, 780, 781, 783, 784, 785, 786, 787, 789, 790, 791, 793, 794, 796, 798, 799, 800, 802, 804, 805, 807, 809, 810, 811, 813, 814, 815, 816, 818, 820, 821, 822, 825, 826, 829, 830, 832, 835, 837, 838, 840, 842, 843, 844, 845, 848, 849, 851, 853, 855], "excluded_lines": [], "functions": {"load": {"executed_lines": [15], "summary": {"covered_lines": 1, "num_statements": 1, "percent_covered": 100.0, "percent_covered_display": "100", "missing_lines": 0, "excluded_lines": 0, "percent_statements_covered": 100.0, "percent_statements_covered_display": "100"}, "missing_lines": [], "excluded_lines": [], "start_line": 13}, "supported_hint": {"executed_lines": [19], "summary": {"covered_lines": 1, "num_statements": 1, "percent_covered": 100.0, "percent_covered_display": "100", "missing_lines": 0, "excluded_lines": 0, "percent_statements_covered": 100.0, "percent_statements_covered_display": "100"}, "missing_lines": [], "excluded_lines": [], "start_line": 17}, "convert": {"executed_lines": [24, 26, 27, 29], "summary": {"covered_lines": 4, "num_statements": 4, "percent_covered": 100.0, "percent_covered_display": "100", "missing_lines": 0, "excluded_lines": 0, "percent_statements_covered": 100.0, "percent_statements_covered_display": "100"}, "missing_lines": [], "excluded_lines": [], "start_line": 22}, "convert_verbose": {"executed_lines": [34, 36, 37, 39, 41, 42, 44, 45, 47, 48, 50, 52, 53, 55, 57, 58, 60, 61, 67, 69, 70, 72, 73, 74, 80, 81], "summary": {"covered_lines": 26, "num_statements": 35, "percent_covered": 74.28571428571429, "percent_covered_display": "74", "missing_lines": 9, "excluded_lines": 0, "percent_statements_covered": 74.28571428571429, "percent_statements_covered_display": "74"}, "missing_lines": [63, 64, 66, 75, 77, 78, 83, 84, 86], "excluded_lines": [], "start_line": 32}, "_markitdown_convert": {"executed_lines": [], "summary": {"covered_lines": 0, "num_statements": 9, "percent_covered": 0.0, "percent_covered_display": "0", "missing_lines": 9, "excluded_lines": 0, "percent_statements_covered": 0.0, "percent_statements_covered_display": "0"}, "missing_lines": [92, 94, 95, 97, 98, 100, 101, 102, 104], "excluded_lines": [], "start_line": 89}, "_mq": {"executed_lines": [111], "summary": {"covered_lines": 1, "num_statements": 1, "percent_covered": 100.0, "percent_covered_display": "100", "missing_lines": 0, "excluded_lines": 0, "percent_statements_covered": 100.0, "percent_statements_covered_display": "100"}, "missing_lines": [], "excluded_lines": [], "start_line": 109}, "_omml_to_latex": {"executed_lines": [116, 117, 119, 121, 123, 125, 133, 134, 135, 137, 138, 139, 142, 144, 146, 147, 149, 151, 164, 165, 167, 169, 170, 171, 172, 173, 180, 182, 183, 184, 186, 188, 189, 190, 192, 194, 201, 202, 203, 204, 205, 206, 210, 212, 213, 214, 216, 217, 219, 221, 223, 229, 231, 232, 233, 234, 235, 237, 238, 240, 241, 248, 252, 254, 255, 256, 257, 259, 260, 261, 263, 265, 267, 269, 270, 271, 273, 275, 277, 279, 281, 283, 284, 297, 298, 299, 300, 302, 303, 304, 306, 310, 319, 330, 340, 345, 361, 377, 382, 392, 395], "summary": {"covered_lines": 101, "num_statements": 185, "percent_covered": 54.5945945945946, "percent_covered_display": "55", "missing_lines": 84, "excluded_lines": 0, "percent_statements_covered": 54.5945945945946, "percent_statements_covered_display": "55"}, "missing_lines": [122, 152, 154, 156, 157, 159, 161, 162, 175, 177, 178, 195, 196, 197, 199, 208, 224, 226, 228, 243, 244, 246, 247, 250, 286, 287, 289, 290, 292, 293, 295, 308, 311, 312, 313, 315, 317, 320, 321, 322, 323, 324, 326, 328, 331, 332, 333, 334, 335, 337, 339, 341, 343, 346, 347, 349, 351, 352, 353, 354, 355, 357, 359, 362, 363, 365, 366, 368, 370, 371, 372, 373, 374, 376, 378, 380, 383, 384, 385, 386, 387, 389, 391, 394], "excluded_lines": [], "start_line": 113}, "_omml_to_latex.kids": {"executed_lines": [127, 131], "summary": {"covered_lines": 2, "num_statements": 3, "percent_covered": 66.66666666666667, "percent_covered_display": "67", "missing_lines": 1, "excluded_lines": 0, "percent_statements_covered": 66.66666666666667, "percent_statements_covered_display": "67"}, "missing_lines": [129], "excluded_lines": [], "start_line": 125}, "_run_font_lower": {"executed_lines": [399, 400, 406, 407, 409, 416], "summary": {"covered_lines": 6, "num_statements": 12, "percent_covered": 50.0, "percent_covered_display": "50", "missing_lines": 6, "excluded_lines": 0, "percent_statements_covered": 50.0, "percent_statements_covered_display": "50"}, "missing_lines": [402, 403, 404, 410, 412, 414], "excluded_lines": [], "start_line": 397}, "_para_has_mono": {"executed_lines": [420], "summary": {"covered_lines": 1, "num_statements": 1, "percent_covered": 100.0, "percent_covered_display": "100", "missing_lines": 0, "excluded_lines": 0, "percent_statements_covered": 100.0, "percent_statements_covered_display": "100"}, "missing_lines": [], "excluded_lines": [], "start_line": 418}, "_para_plain": {"executed_lines": [], "summary": {"covered_lines": 0, "num_statements": 1, "percent_covered": 0.0, "percent_covered_display": "0", "missing_lines": 1, "excluded_lines": 0, "percent_statements_covered": 0.0, "percent_statements_covered_display": "0"}, "missing_lines": [424], "excluded_lines": [], "start_line": 422}, "_para_inline": {"executed_lines": [], "summary": {"covered_lines": 0, "num_statements": 13, "percent_covered": 0.0, "percent_covered_display": "0", "missing_lines": 13, "excluded_lines": 0, "percent_statements_covered": 0.0, "percent_statements_covered_display": "0"}, "missing_lines": [427, 429, 430, 432, 434, 435, 436, 437, 439, 440, 441, 442, 444], "excluded_lines": [], "start_line": 426}, "_lang_hint": {"executed_lines": [447, 449, 450, 452, 454], "summary": {"covered_lines": 5, "num_statements": 5, "percent_covered": 100.0, "percent_covered_display": "100", "missing_lines": 0, "excluded_lines": 0, "percent_statements_covered": 100.0, "percent_statements_covered_display": "100"}, "missing_lines": [], "excluded_lines": [], "start_line": 446}, "_para_inline_with_math": {"executed_lines": [458, 459, 461, 462, 464, 467, 469, 470, 471, 473, 476, 478, 480, 483, 484, 503, 505, 506, 507, 509, 511, 512, 513, 514, 515, 517, 523], "summary": {"covered_lines": 27, "num_statements": 48, "percent_covered": 56.25, "percent_covered_display": "56", "missing_lines": 21, "excluded_lines": 0, "percent_statements_covered": 56.25, "percent_statements_covered_display": "56"}, "missing_lines": [466, 475, 477, 479, 481, 485, 487, 489, 490, 491, 493, 494, 495, 496, 498, 499, 501, 502, 518, 520, 521], "excluded_lines": [], "start_line": 456}, "_table_to_md": {"executed_lines": [], "summary": {"covered_lines": 0, "num_statements": 22, "percent_covered": 0.0, "percent_covered_display": "0", "missing_lines": 22, "excluded_lines": 0, "percent_statements_covered": 0.0, "percent_statements_covered_display": "0"}, "missing_lines": [527, 528, 530, 531, 532, 534, 535, 537, 538, 539, 541, 542, 543, 544, 546, 548, 549, 550, 551, 553, 554, 556], "excluded_lines": [], "start_line": 525}, "docx2md": {"executed_lines": [560, 562, 563, 565, 567, 569, 570, 571, 572, 574, 585, 669, 671, 673, 674, 675, 683, 685, 686, 687, 689, 693], "summary": {"covered_lines": 22, "num_statements": 28, "percent_covered": 78.57142857142857, "percent_covered_display": "79", "missing_lines": 6, "excluded_lines": 0, "percent_statements_covered": 78.57142857142857, "percent_statements_covered_display": "79"}, "missing_lines": [677, 679, 680, 681, 682, 691], "excluded_lines": [], "start_line": 558}, "docx2md.flush_code": {"executed_lines": [577], "summary": {"covered_lines": 1, "num_statements": 6, "percent_covered": 16.666666666666668, "percent_covered_display": "17", "missing_lines": 5, "excluded_lines": 0, "percent_statements_covered": 16.666666666666668, "percent_statements_covered_display": "17"}, "missing_lines": [578, 579, 580, 582, 583], "excluded_lines": [], "start_line": 574}, "docx2md.handle_para": {"executed_lines": [588, 590, 592, 598, 616, 624, 632, 633, 635, 637, 638, 640, 644, 645, 646, 648, 649, 651, 655, 656, 661, 667, 668], "summary": {"covered_lines": 23, "num_statements": 60, "percent_covered": 38.333333333333336, "percent_covered_display": "38", "missing_lines": 37, "excluded_lines": 0, "percent_statements_covered": 38.333333333333336, "percent_statements_covered_display": "38"}, "missing_lines": [594, 595, 596, 599, 600, 602, 604, 605, 606, 608, 610, 611, 612, 613, 614, 617, 618, 619, 620, 621, 622, 625, 626, 628, 629, 630, 631, 636, 641, 652, 654, 658, 659, 660, 663, 665, 666], "excluded_lines": [], "start_line": 585}, "_data_to_md": {"executed_lines": [698, 700, 701, 702, 704, 710, 712, 713, 715], "summary": {"covered_lines": 9, "num_statements": 9, "percent_covered": 100.0, "percent_covered_display": "100", "missing_lines": 0, "excluded_lines": 0, "percent_statements_covered": 100.0, "percent_statements_covered_display": "100"}, "missing_lines": [], "excluded_lines": [], "start_line": 695}, "_data_to_md.clean": {"executed_lines": [706, 707, 709], "summary": {"covered_lines": 3, "num_statements": 3, "percent_covered": 100.0, "percent_covered_display": "100", "missing_lines": 0, "excluded_lines": 0, "percent_statements_covered": 100.0, "percent_statements_covered_display": "100"}, "missing_lines": [], "excluded_lines": [], "start_line": 704}, "_looks_like_formula": {"executed_lines": [719, 721, 722, 723, 724, 726, 727], "summary": {"covered_lines": 7, "num_statements": 7, "percent_covered": 100.0, "percent_covered_display": "100", "missing_lines": 0, "excluded_lines": 0, "percent_statements_covered": 100.0, "percent_statements_covered_display": "100"}, "missing_lines": [], "excluded_lines": [], "start_line": 717}, "_page_to_md": {"executed_lines": [], "summary": {"covered_lines": 0, "num_statements": 57, "percent_covered": 0.0, "percent_covered_display": "0", "missing_lines": 57, "excluded_lines": 0, "percent_statements_covered": 0.0, "percent_statements_covered_display": "0"}, "missing_lines": [731, 732, 734, 735, 737, 738, 740, 741, 743, 744, 745, 746, 747, 749, 750, 752, 753, 755, 775, 776, 778, 780, 781, 783, 784, 785, 786, 787, 789, 790, 791, 793, 794, 796, 798, 799, 800, 802, 804, 805, 807, 809, 810, 811, 813, 814, 815, 816, 818, 820, 821, 822, 825, 826, 829, 830, 832], "excluded_lines": [], "start_line": 729}, "_page_to_md.in_table": {"executed_lines": [], "summary": {"covered_lines": 0, "num_statements": 12, "percent_covered": 0.0, "percent_covered_display": "0", "missing_lines": 12, "excluded_lines": 0, "percent_statements_covered": 0.0, "percent_statements_covered_display": "0"}, "missing_lines": [757, 758, 760, 761, 763, 764, 766, 767, 769, 770, 772, 774], "excluded_lines": [], "start_line": 755}, "pdf2md": {"executed_lines": [], "summary": {"covered_lines": 0, "num_statements": 13, "percent_covered": 0.0, "percent_covered_display": "0", "missing_lines": 13, "excluded_lines": 0, "percent_statements_covered": 0.0, "percent_statements_covered_display": "0"}, "missing_lines": [835, 837, 838, 840, 842, 843, 844, 845, 848, 849, 851, 853, 855], "excluded_lines": [], "start_line": 834}, "": {"executed_lines": [2, 3, 4, 6, 7, 8, 10, 11, 13, 17, 22, 32, 89, 105, 107, 109, 113, 397, 418, 422, 426, 446, 456, 525, 558, 695, 717, 729, 834], "summary": {"covered_lines": 29, "num_statements": 29, "percent_covered": 100.0, "percent_covered_display": "100", "missing_lines": 0, "excluded_lines": 0, "percent_statements_covered": 100.0, "percent_statements_covered_display": "100"}, "missing_lines": [], "excluded_lines": [], "start_line": 1}}, "classes": {"": {"executed_lines": [2, 3, 4, 6, 7, 8, 10, 11, 13, 15, 17, 19, 22, 24, 26, 27, 29, 32, 34, 36, 37, 39, 41, 42, 44, 45, 47, 48, 50, 52, 53, 55, 57, 58, 60, 61, 67, 69, 70, 72, 73, 74, 80, 81, 89, 105, 107, 109, 111, 113, 116, 117, 119, 121, 123, 125, 127, 131, 133, 134, 135, 137, 138, 139, 142, 144, 146, 147, 149, 151, 164, 165, 167, 169, 170, 171, 172, 173, 180, 182, 183, 184, 186, 188, 189, 190, 192, 194, 201, 202, 203, 204, 205, 206, 210, 212, 213, 214, 216, 217, 219, 221, 223, 229, 231, 232, 233, 234, 235, 237, 238, 240, 241, 248, 252, 254, 255, 256, 257, 259, 260, 261, 263, 265, 267, 269, 270, 271, 273, 275, 277, 279, 281, 283, 284, 297, 298, 299, 300, 302, 303, 304, 306, 310, 319, 330, 340, 345, 361, 377, 382, 392, 395, 397, 399, 400, 406, 407, 409, 416, 418, 420, 422, 426, 446, 447, 449, 450, 452, 454, 456, 458, 459, 461, 462, 464, 467, 469, 470, 471, 473, 476, 478, 480, 483, 484, 503, 505, 506, 507, 509, 511, 512, 513, 514, 515, 517, 523, 525, 558, 560, 562, 563, 565, 567, 569, 570, 571, 572, 574, 577, 585, 588, 590, 592, 598, 616, 624, 632, 633, 635, 637, 638, 640, 644, 645, 646, 648, 649, 651, 655, 656, 661, 667, 668, 669, 671, 673, 674, 675, 683, 685, 686, 687, 689, 693, 695, 698, 700, 701, 702, 704, 706, 707, 709, 710, 712, 713, 715, 717, 719, 721, 722, 723, 724, 726, 727, 729, 834], "summary": {"covered_lines": 269, "num_statements": 565, "percent_covered": 47.610619469026545, "percent_covered_display": "48", "missing_lines": 296, "excluded_lines": 0, "percent_statements_covered": 47.610619469026545, "percent_statements_covered_display": "48"}, "missing_lines": [63, 64, 66, 75, 77, 78, 83, 84, 86, 92, 94, 95, 97, 98, 100, 101, 102, 104, 122, 129, 152, 154, 156, 157, 159, 161, 162, 175, 177, 178, 195, 196, 197, 199, 208, 224, 226, 228, 243, 244, 246, 247, 250, 286, 287, 289, 290, 292, 293, 295, 308, 311, 312, 313, 315, 317, 320, 321, 322, 323, 324, 326, 328, 331, 332, 333, 334, 335, 337, 339, 341, 343, 346, 347, 349, 351, 352, 353, 354, 355, 357, 359, 362, 363, 365, 366, 368, 370, 371, 372, 373, 374, 376, 378, 380, 383, 384, 385, 386, 387, 389, 391, 394, 402, 403, 404, 410, 412, 414, 424, 427, 429, 430, 432, 434, 435, 436, 437, 439, 440, 441, 442, 444, 466, 475, 477, 479, 481, 485, 487, 489, 490, 491, 493, 494, 495, 496, 498, 499, 501, 502, 518, 520, 521, 527, 528, 530, 531, 532, 534, 535, 537, 538, 539, 541, 542, 543, 544, 546, 548, 549, 550, 551, 553, 554, 556, 578, 579, 580, 582, 583, 594, 595, 596, 599, 600, 602, 604, 605, 606, 608, 610, 611, 612, 613, 614, 617, 618, 619, 620, 621, 622, 625, 626, 628, 629, 630, 631, 636, 641, 652, 654, 658, 659, 660, 663, 665, 666, 677, 679, 680, 681, 682, 691, 731, 732, 734, 735, 737, 738, 740, 741, 743, 744, 745, 746, 747, 749, 750, 752, 753, 755, 757, 758, 760, 761, 763, 764, 766, 767, 769, 770, 772, 774, 775, 776, 778, 780, 781, 783, 784, 785, 786, 787, 789, 790, 791, 793, 794, 796, 798, 799, 800, 802, 804, 805, 807, 809, 810, 811, 813, 814, 815, 816, 818, 820, 821, 822, 825, 826, 829, 830, 832, 835, 837, 838, 840, 842, 843, 844, 845, 848, 849, 851, 853, 855], "excluded_lines": [], "start_line": 1}}}, "src/readmd_modules/crypto.py": {"executed_lines": [3, 5, 7, 8, 10, 11, 12, 20, 30, 32, 34, 37, 38, 40, 41, 42, 44, 45, 48, 64, 66, 67, 71, 72, 74, 75, 76, 78, 80, 82, 99, 100, 102, 106, 107, 109, 110, 112, 113, 114, 115, 117, 119, 120, 122, 123, 126, 136, 137, 138, 140, 143, 145, 147, 148, 150, 151, 153, 155, 167, 169, 170, 171, 173, 175, 176, 178, 180, 183, 185, 197, 199, 200, 201, 203, 204, 206, 208, 210, 211, 212, 214], "summary": {"covered_lines": 82, "num_statements": 88, "percent_covered": 93.18181818181819, "percent_covered_display": "93", "missing_lines": 6, "excluded_lines": 0, "percent_statements_covered": 93.18181818181819, "percent_statements_covered_display": "93"}, "missing_lines": [13, 15, 16, 18, 69, 104], "excluded_lines": [], "functions": {"_get_or_create_key": {"executed_lines": [30, 32, 34, 37, 38, 40, 41, 42, 44, 45], "summary": {"covered_lines": 10, "num_statements": 10, "percent_covered": 100.0, "percent_covered_display": "100", "missing_lines": 0, "excluded_lines": 0, "percent_statements_covered": 100.0, "percent_statements_covered_display": "100"}, "missing_lines": [], "excluded_lines": [], "start_line": 20}, "encrypt_api_key": {"executed_lines": [64, 66, 67, 71, 72, 74, 75, 76, 78, 80], "summary": {"covered_lines": 10, "num_statements": 11, "percent_covered": 90.9090909090909, "percent_covered_display": "91", "missing_lines": 1, "excluded_lines": 0, "percent_statements_covered": 90.9090909090909, "percent_statements_covered_display": "91"}, "missing_lines": [69], "excluded_lines": [], "start_line": 48}, "decrypt_api_key": {"executed_lines": [99, 100, 102, 106, 107, 109, 110, 112, 113, 114, 115, 117, 119, 120, 122, 123], "summary": {"covered_lines": 16, "num_statements": 17, "percent_covered": 94.11764705882354, "percent_covered_display": "94", "missing_lines": 1, "excluded_lines": 0, "percent_statements_covered": 94.11764705882354, "percent_statements_covered_display": "94"}, "missing_lines": [104], "excluded_lines": [], "start_line": 82}, "save_api_key_securely": {"executed_lines": [136, 137, 138, 140, 143, 145, 147, 148, 150, 151, 153], "summary": {"covered_lines": 11, "num_statements": 11, "percent_covered": 100.0, "percent_covered_display": "100", "missing_lines": 0, "excluded_lines": 0, "percent_statements_covered": 100.0, "percent_statements_covered_display": "100"}, "missing_lines": [], "excluded_lines": [], "start_line": 126}, "load_api_key_securely": {"executed_lines": [167, 169, 170, 171, 173, 175, 176, 178, 180, 183], "summary": {"covered_lines": 10, "num_statements": 10, "percent_covered": 100.0, "percent_covered_display": "100", "missing_lines": 0, "excluded_lines": 0, "percent_statements_covered": 100.0, "percent_statements_covered_display": "100"}, "missing_lines": [], "excluded_lines": [], "start_line": 155}, "migrate_plaintext_keys": {"executed_lines": [197, 199, 200, 201, 203, 204, 206, 208, 210, 211, 212, 214], "summary": {"covered_lines": 12, "num_statements": 12, "percent_covered": 100.0, "percent_covered_display": "100", "missing_lines": 0, "excluded_lines": 0, "percent_statements_covered": 100.0, "percent_statements_covered_display": "100"}, "missing_lines": [], "excluded_lines": [], "start_line": 185}, "": {"executed_lines": [3, 5, 7, 8, 10, 11, 12, 20, 48, 82, 126, 155, 185], "summary": {"covered_lines": 13, "num_statements": 17, "percent_covered": 76.47058823529412, "percent_covered_display": "76", "missing_lines": 4, "excluded_lines": 0, "percent_statements_covered": 76.47058823529412, "percent_statements_covered_display": "76"}, "missing_lines": [13, 15, 16, 18], "excluded_lines": [], "start_line": 1}}, "classes": {"": {"executed_lines": [3, 5, 7, 8, 10, 11, 12, 20, 30, 32, 34, 37, 38, 40, 41, 42, 44, 45, 48, 64, 66, 67, 71, 72, 74, 75, 76, 78, 80, 82, 99, 100, 102, 106, 107, 109, 110, 112, 113, 114, 115, 117, 119, 120, 122, 123, 126, 136, 137, 138, 140, 143, 145, 147, 148, 150, 151, 153, 155, 167, 169, 170, 171, 173, 175, 176, 178, 180, 183, 185, 197, 199, 200, 201, 203, 204, 206, 208, 210, 211, 212, 214], "summary": {"covered_lines": 82, "num_statements": 88, "percent_covered": 93.18181818181819, "percent_covered_display": "93", "missing_lines": 6, "excluded_lines": 0, "percent_statements_covered": 93.18181818181819, "percent_statements_covered_display": "93"}, "missing_lines": [13, 15, 16, 18, 69, 104], "excluded_lines": [], "start_line": 1}}}, "src/readmd_modules/latex2omml.py": {"executed_lines": [25, 28, 30, 33, 76, 82, 87, 96, 100, 102, 103, 104, 106, 108, 109, 110, 114, 116, 118, 119, 120, 122, 124, 128, 129, 131, 133, 138, 139, 141, 144, 146, 148, 150, 152, 154, 157, 159, 160, 161, 163, 164, 166, 169, 170, 172, 173, 174, 176, 177, 182, 185, 189, 192, 195, 199, 202, 206, 207, 210, 211, 213, 215, 219, 221, 223, 224, 225, 226, 228, 231, 246, 247, 248, 250, 251, 252, 254, 255, 256, 257, 262, 265,
[...]
isplay": "100"}, "missing_lines": [], "excluded_lines": [], "start_line": 52}, "WebError.as_dict": {"executed_lines": [62], "summary": {"covered_lines": 1, "num_statements": 1, "percent_covered": 100.0, "percent_covered_display": "100", "missing_lines": 0, "excluded_lines": 0, "percent_statements_covered": 100.0, "percent_statements_covered_display": "100"}, "missing_lines": [], "excluded_lines": [], "start_line": 60}, "load": {"executed_lines": [69, 70, 71, 72, 73, 74, 76], "summary": {"covered_lines": 7, "num_statements": 7, "percent_covered": 100.0, "percent_covered_display": "100", "missing_lines": 0, "excluded_lines": 0, "percent_statements_covered": 100.0, "percent_statements_covered_display": "100"}, "missing_lines": [], "excluded_lines": [], "start_line": 64}, "cancel": {"executed_lines": [79, 81, 82, 84], "summary": {"covered_lines": 4, "num_statements": 4, "percent_covered": 100.0, "percent_covered_display": "100", "missing_lines": 0, "excluded_lines": 0, "percent_statements_covered": 100.0, "percent_statements_covered_display": "100"}, "missing_lines": [], "excluded_lines": [], "start_line": 78}, "reset_cancel": {"executed_lines": [87, 89, 90], "summary": {"covered_lines": 3, "num_statements": 3, "percent_covered": 100.0, "percent_covered_display": "100", "missing_lines": 0, "excluded_lines": 0, "percent_statements_covered": 100.0, "percent_statements_covered_display": "100"}, "missing_lines": [], "excluded_lines": [], "start_line": 86}, "is_cancelled": {"executed_lines": [94, 96, 98, 100], "summary": {"covered_lines": 4, "num_statements": 4, "percent_covered": 100.0, "percent_covered_display": "100", "missing_lines": 0, "excluded_lines": 0, "percent_statements_covered": 100.0, "percent_statements_covered_display": "100"}, "missing_lines": [], "excluded_lines": [], "start_line": 92}, "_check_cancel": {"executed_lines": [104, 106], "summary": {"covered_lines": 2, "num_statements": 2, "percent_covered": 100.0, "percent_covered_display": "100", "missing_lines": 0, "excluded_lines": 0, "percent_statements_covered": 100.0, "percent_statements_covered_display": "100"}, "missing_lines": [], "excluded_lines": [], "start_line": 103}, "normalize_url": {"executed_lines": [109, 111, 113, 115, 116, 117, 119, 121, 123, 126, 127, 128, 130, 136, 137, 139], "summary": {"covered_lines": 16, "num_statements": 20, "percent_covered": 80.0, "percent_covered_display": "80", "missing_lines": 4, "excluded_lines": 0, "percent_statements_covered": 80.0, "percent_statements_covered_display": "80"}, "missing_lines": [125, 132, 133, 135], "excluded_lines": [], "start_line": 108}, "_validate_public_url": {"executed_lines": [143, 144, 145, 147, 149, 150, 152, 153, 155, 159, 161, 163, 164, 171, 173, 175], "summary": {"covered_lines": 16, "num_statements": 20, "percent_covered": 80.0, "percent_covered_display": "80", "missing_lines": 4, "excluded_lines": 0, "percent_statements_covered": 80.0, "percent_statements_covered_display": "80"}, "missing_lines": [157, 166, 167, 169], "excluded_lines": [], "start_line": 142}, "_session": {"executed_lines": [178, 180, 184, 238, 239, 241, 242, 243, 244, 246], "summary": {"covered_lines": 10, "num_statements": 10, "percent_covered": 100.0, "percent_covered_display": "100", "missing_lines": 0, "excluded_lines": 0, "percent_statements_covered": 100.0, "percent_statements_covered_display": "100"}, "missing_lines": [], "excluded_lines": [], "start_line": 177}, "_session.PinnedHTTPAdapter.send": {"executed_lines": [], "summary": {"covered_lines": 0, "num_statements": 30, "percent_covered": 0.0, "percent_covered_display": "0", "missing_lines": 30, "excluded_lines": 0, "percent_statements_covered": 0.0, "percent_statements_covered_display": "0"}, "missing_lines": [185, 186, 189, 191, 192, 194, 195, 197, 198, 200, 201, 203, 204, 206, 208, 209, 211, 213, 214, 216, 218, 220, 221, 222, 225, 226, 229, 232, 235, 237], "excluded_lines": [], "start_line": 184}, "_session.PinnedHTTPAdapter.send.PinnedConnection.__init__": {"executed_lines": [], "summary": {"covered_lines": 0, "num_statements": 2, "percent_covered": 0.0, "percent_covered_display": "0", "missing_lines": 2, "excluded_lines": 0, "percent_statements_covered": 0.0, "percent_statements_covered_display": "0"}, "missing_lines": [233, 234], "excluded_lines": [], "start_line": 232}, "_validate_response_peer": {"executed_lines": [251, 252, 254, 255, 256, 257, 259, 260, 264, 265, 267, 274, 276], "summary": {"covered_lines": 13, "num_statements": 17, "percent_covered": 76.47058823529412, "percent_covered_display": "76", "missing_lines": 4, "excluded_lines": 0, "percent_statements_covered": 76.47058823529412, "percent_statements_covered_display": "76"}, "missing_lines": [262, 269, 270, 272], "excluded_lines": [], "start_line": 249}, "_request_error": {"executed_lines": [], "summary": {"covered_lines": 0, "num_statements": 8, "percent_covered": 0.0, "percent_covered_display": "0", "missing_lines": 8, "excluded_lines": 0, "percent_statements_covered": 0.0, "percent_statements_covered_display": "0"}, "missing_lines": [279, 280, 282, 283, 285, 286, 288, 290], "excluded_lines": [], "start_line": 278}, "_retry_after_delay": {"executed_lines": [296, 297, 298, 300, 301, 303, 304, 306, 307, 309, 312, 319], "summary": {"covered_lines": 12, "num_statements": 16, "percent_covered": 75.0, "percent_covered_display": "75", "missing_lines": 4, "excluded_lines": 0, "percent_statements_covered": 75.0, "percent_statements_covered_display": "75"}, "missing_lines": [310, 314, 315, 317], "excluded_lines": [], "start_line": 292}, "_wait_retry": {"executed_lines": [], "summary": {"covered_lines": 0, "num_statements": 4, "percent_covered": 0.0, "percent_covered_display": "0", "missing_lines": 4, "excluded_lines": 0, "percent_statements_covered": 0.0, "percent_statements_covered_display": "0"}, "missing_lines": [322, 324, 325, 326], "excluded_lines": [], "start_line": 321}, "fetch_html": {"executed_lines": [330, 332, 333, 334, 336, 337, 339, 340, 341, 343, 349, 351, 357, 358, 371, 384, 389, 394, 399, 466, 467], "summary": {"covered_lines": 21, "num_statements": 93, "percent_covered": 22.580645161290324, "percent_covered_display": "23", "missing_lines": 72, "excluded_lines": 0, "percent_statements_covered": 22.580645161290324, "percent_statements_covered_display": "23"}, "missing_lines": [345, 346, 348, 353, 354, 355, 356, 360, 361, 363, 365, 366, 367, 369, 372, 373, 374, 375, 377, 378, 379, 380, 382, 385, 387, 390, 392, 395, 397, 400, 402, 404, 406, 407, 408, 410, 411, 412, 414, 415, 416, 418, 420, 421, 423, 425, 426, 427, 429, 430, 431, 433, 434, 436, 438, 439, 440, 442, 443, 445, 447, 449, 450, 452, 453, 454, 455, 456, 458, 459, 460, 462], "excluded_lines": [], "start_line": 328}, "_clean_soup": {"executed_lines": [], "summary": {"covered_lines": 0, "num_statements": 22, "percent_covered": 0.0, "percent_covered_display": "0", "missing_lines": 22, "excluded_lines": 0, "percent_statements_covered": 0.0, "percent_statements_covered_display": "0"}, "missing_lines": [470, 471, 473, 474, 476, 477, 479, 481, 482, 484, 485, 486, 487, 489, 491, 493, 495, 496, 498, 500, 503, 505], "excluded_lines": [], "start_line": 469}, "_plain_length": {"executed_lines": [509, 511, 513, 515], "summary": {"covered_lines": 4, "num_statements": 4, "percent_covered": 100.0, "percent_covered_display": "100", "missing_lines": 0, "excluded_lines": 0, "percent_statements_covered": 100.0, "percent_statements_covered_display": "100"}, "missing_lines": [], "excluded_lines": [], "start_line": 507}, "_metadata": {"executed_lines": [], "summary": {"covered_lines": 0, "num_statements": 8, "percent_covered": 0.0, "percent_covered_display": "0", "missing_lines": 8, "excluded_lines": 0, "percent_statements_covered": 0.0, "percent_statements_covered_display": "0"}, "missing_lines": [520, 528, 530, 531, 532, 534, 535, 537], "excluded_lines": [], "start_line": 517}, "_metadata.meta": {"executed_lines": [], "summary": {"covered_lines": 0, "num_statements": 5, "percent_covered": 0.0, "percent_covered_display": "0", "missing_lines": 5, "excluded_lines": 0, "percent_statements_covered": 0.0, "percent_statements_covered_display": "0"}, "missing_lines": [521, 522, 524, 525, 527], "excluded_lines": [], "start_line": 520}, "_candidate_links": {"executed_lines": [], "summary": {"covered_lines": 0, "num_statements": 23, "percent_covered": 0.0, "percent_covered_display": "0", "missing_lines": 23, "excluded_lines": 0, "percent_statements_covered": 0.0, "percent_statements_covered_display": "0"}, "missing_lines": [542, 543, 544, 546, 548, 549, 551, 552, 553, 555, 556, 557, 559, 560, 562, 563, 565, 566, 567, 568, 569, 571, 573], "excluded_lines": [], "start_line": 539}, "_markdownify_html": {"executed_lines": [], "summary": {"covered_lines": 0, "num_statements": 2, "percent_covered": 0.0, "percent_covered_display": "0", "missing_lines": 2, "excluded_lines": 0, "percent_statements_covered": 0.0, "percent_statements_covered_display": "0"}, "missing_lines": [576, 578], "excluded_lines": [], "start_line": 575}, "_format_document": {"executed_lines": [581, 583, 584, 586, 588, 590, 591, 592, 594, 595, 596, 598, 600, 602, 604, 605, 606, 607, 609, 610], "summary": {"covered_lines": 20, "num_statements": 20, "percent_covered": 100.0, "percent_covered_display": "100", "missing_lines": 0, "excluded_lines": 0, "percent_statements_covered": 100.0, "percent_statements_covered_display": "100"}, "missing_lines": [], "excluded_lines": [], "start_line": 580}, "_useful": {"executed_lines": [614, 615, 616, 618, 619], "summary": {"covered_lines": 5, "num_statements": 7, "percent_covered": 71.42857142857143, "percent_covered_display": "71", "missing_lines": 2, "excluded_lines": 0, "percent_statements_covered": 71.42857142857143, "percent_statements_covered_display": "71"}, "missing_lines": [620, 622], "excluded_lines": [], "start_line": 613}, "_sanitize_markdown": {"executed_lines": [625, 627, 629, 631, 633, 642, 643], "summary": {"covered_lines": 7, "num_statements": 7, "percent_covered": 100.0, "percent_covered_display": "100", "missing_lines": 0, "excluded_lines": 0, "percent_statements_covered": 100.0, "percent_statements_covered_display": "100"}, "missing_lines": [], "excluded_lines": [], "start_line": 624}, "_sanitize_markdown.absolute_link": {"executed_lines": [634, 635, 636, 638, 639, 640], "summary": {"covered_lines": 6, "num_statements": 6, "percent_covered": 100.0, "percent_covered_display": "100", "missing_lines": 0, "excluded_lines": 0, "percent_statements_covered": 100.0, "percent_statements_covered_display": "100"}, "missing_lines": [], "excluded_lines": [], "start_line": 633}, "extract_html": {"executed_lines": [], "summary": {"covered_lines": 0, "num_statements": 50, "percent_covered": 0.0, "percent_covered_display": "0", "missing_lines": 50, "excluded_lines": 0, "percent_statements_covered": 0.0, "percent_statements_covered_display": "0"}, "missing_lines": [648, 649, 650, 651, 652, 654, 655, 656, 658, 660, 661, 662, 664, 665, 666, 667, 669, 670, 672, 673, 675, 676, 677, 678, 679, 680, 682, 683, 685, 687, 688, 690, 691, 692, 694, 695, 696, 698, 699, 700, 701, 702, 704, 705, 706, 707, 709, 710, 712, 714], "excluded_lines": [], "start_line": 645}, "fetch_document": {"executed_lines": [718], "summary": {"covered_lines": 1, "num_statements": 6, "percent_covered": 16.666666666666668, "percent_covered_display": "17", "missing_lines": 5, "excluded_lines": 0, "percent_statements_covered": 16.666666666666668, "percent_statements_covered_display": "17"}, "missing_lines": [719, 720, 722, 723, 725], "excluded_lines": [], "start_line": 716}, "_image_urls": {"executed_lines": [728, 730], "summary": {"covered_lines": 2, "num_statements": 2, "percent_covered": 100.0, "percent_covered_display": "100", "missing_lines": 0, "excluded_lines": 0, "percent_statements_covered": 100.0, "percent_statements_covered_display": "100"}, "missing_lines": [], "excluded_lines": [], "start_line": 727}, "localize_images": {"executed_lines": [734, 736, 738, 739, 740, 742, 745, 746, 747, 749, 751, 752, 753, 754, 756, 757, 759, 760, 762, 772, 773, 814, 815, 816, 820, 821, 824, 825], "summary": {"covered_lines": 28, "num_statements": 63, "percent_covered": 44.44444444444444, "percent_covered_display": "44", "missing_lines": 35, "excluded_lines": 0, "percent_statements_covered": 44.44444444444444, "percent_statements_covered_display": "44"}, "missing_lines": [744, 764, 765, 766, 768, 769, 770, 775, 777, 779, 781, 783, 784, 786, 787, 788, 790, 791, 792, 794, 795, 796, 798, 799, 800, 801, 803, 804, 805, 807, 808, 809, 810, 811, 812], "excluded_lines": [], "start_line": 732}, "fetch_url": {"executed_lines": [], "summary": {"covered_lines": 0, "num_statements": 2, "percent_covered": 0.0, "percent_covered_display": "0", "missing_lines": 2, "excluded_lines": 0, "percent_statements_covered": 0.0, "percent_statements_covered_display": "0"}, "missing_lines": [829, 831], "excluded_lines": [], "start_line": 827}, "_extract_links": {"executed_lines": [], "summary": {"covered_lines": 0, "num_statements": 1, "percent_covered": 0.0, "percent_covered_display": "0", "missing_lines": 1, "excluded_lines": 0, "percent_statements_covered": 0.0, "percent_statements_covered_display": "0"}, "missing_lines": [835], "excluded_lines": [], "start_line": 833}, "crawl": {"executed_lines": [], "summary": {"covered_lines": 0, "num_statements": 19, "percent_covered": 0.0, "percent_covered_display": "0", "missing_lines": 19, "excluded_lines": 0, "percent_statements_covered": 0.0, "percent_statements_covered_display": "0"}, "missing_lines": [839, 841, 842, 843, 845, 847, 848, 850, 851, 852, 854, 856, 857, 859, 860, 862, 863, 864, 866], "excluded_lines": [], "start_line": 837}, "": {"executed_lines": [8, 9, 11, 13, 15, 17, 18, 19, 20, 21, 22, 23, 24, 26, 28, 30, 32, 34, 35, 36, 37, 39, 41, 43, 44, 45, 48, 52, 60, 64, 78, 86, 92, 103, 108, 142, 177, 249, 278, 292, 321, 328, 469, 507, 517, 539, 575, 580, 613, 624, 645, 716, 727, 732, 827, 833, 837], "summary": {"covered_lines": 57, "num_statements": 57, "percent_covered": 100.0, "percent_covered_display": "100", "missing_lines": 0, "excluded_lines": 0, "percent_statements_covered": 100.0, "percent_statements_covered_display": "100"}, "missing_lines": [], "excluded_lines": [], "start_line": 1}}, "classes": {"WebError": {"executed_lines": [53, 54, 56, 57, 58, 62], "summary": {"covered_lines": 6, "num_statements": 6, "percent_covered": 100.0, "percent_covered_display": "100", "missing_lines": 0, "excluded_lines": 0, "percent_statements_covered": 100.0, "percent_statements_covered_display": "100"}, "missing_lines": [], "excluded_lines": [], "start_line": 48}, "_session.PinnedHTTPAdapter": {"executed_lines": [], "summary": {"covered_lines": 0, "num_statements": 30, "percent_covered": 0.0, "percent_covered_display": "0", "missing_lines": 30, "excluded_lines": 0, "percent_statements_covered": 0.0, "percent_statements_covered_display": "0"}, "missing_lines": [185, 186, 189, 191, 192, 194, 195, 197, 198, 200, 201, 203, 204, 206, 208, 209, 211, 213, 214, 216, 218, 220, 221, 222, 225, 226, 229, 232, 235, 237], "excluded_lines": [], "start_line": 180}, "_session.PinnedHTTPAdapter.send.PinnedConnection": {"executed_lines": [], "summary": {"covered_lines": 0, "num_statements": 2, "percent_covered": 0.0, "percent_covered_display": "0", "missing_lines": 2, "excluded_lines": 0, "percent_statements_covered": 0.0, "percent_statements_covered_display": "0"}, "missing_lines": [233, 234], "excluded_lines": [], "start_line": 229}, "": {"executed_lines": [8, 9, 11, 13, 15, 17, 18, 19, 20, 21, 22, 23, 24, 26, 28, 30, 32, 34, 35, 36, 37, 39, 41, 43, 44, 45, 48, 52, 60, 64, 69, 70, 71, 72, 73, 74, 76, 78, 79, 81, 82, 84, 86, 87, 89, 90, 92, 94, 96, 98, 100, 103, 104, 106, 108, 109, 111, 113, 115, 116, 117, 119, 121, 123, 126, 127, 128, 130, 136, 137, 139, 142, 143, 144, 145, 147, 149, 150, 152, 153, 155, 159, 161, 163, 164, 171, 173, 175, 177, 178, 180, 184, 238, 239, 241, 242, 243, 244, 246, 249, 251, 252, 254, 255, 256, 257, 259, 260, 264, 265, 267, 274, 276, 278, 292, 296, 297, 298, 300, 301, 303, 304, 306, 307, 309, 312, 319, 321, 328, 330, 332, 333, 334, 336, 337, 339, 340, 341, 343, 349, 351, 357, 358, 371, 384, 389, 394, 399, 466, 467, 469, 507, 509, 511, 513, 515, 517, 539, 575, 580, 581, 583, 584, 586, 588, 590, 591, 592, 594, 595, 596, 598, 600, 602, 604, 605, 606, 607, 609, 610, 613, 614, 615, 616, 618, 619, 624, 625, 627, 629, 631, 633, 634, 635, 636, 638, 639, 640, 642, 643, 645, 716, 718, 727, 728, 730, 732, 734, 736, 738, 739, 740, 742, 745, 746, 747, 749, 751, 752, 753, 754, 756, 757, 759, 760, 762, 772, 773, 814, 815, 816, 820, 821, 824, 825, 827, 833, 837], "summary": {"covered_lines": 238, "num_statements": 512, "percent_covered": 46.484375, "percent_covered_display": "46", "missing_lines": 274, "excluded_lines": 0, "percent_statements_covered": 46.484375, "percent_statements_covered_display": "46"}, "missing_lines": [125, 132, 133, 135, 157, 166, 167, 169, 262, 269, 270, 272, 279, 280, 282, 283, 285, 286, 288, 290, 310, 314, 315, 317, 322, 324, 325, 326, 345, 346, 348, 353, 354, 355, 356, 360, 361, 363, 365, 366, 367, 369, 372, 373, 374, 375, 377, 378, 379, 380, 382, 385, 387, 390, 392, 395, 397, 400, 402, 404, 406, 407, 408, 410, 411, 412, 414, 415, 416, 418, 420, 421, 423, 425, 426, 427, 429, 430, 431, 433, 434, 436, 438, 439, 440, 442, 443, 445, 447, 449, 450, 452, 453, 454, 455, 456, 458, 459, 460, 462, 470, 471, 473, 474, 476, 477, 479, 481, 482, 484, 485, 486, 487, 489, 491, 493, 495, 496, 498, 500, 503, 505, 520, 521, 522, 524, 525, 527, 528, 530, 531, 532, 534, 535, 537, 542, 543, 544, 546, 548, 549, 551, 552, 553, 555, 556, 557, 559, 560, 562, 563, 565, 566, 567, 568, 569, 571, 573, 576, 578, 620, 622, 648, 649, 650, 651, 652, 654, 655, 656, 658, 660, 661, 662, 664, 665, 666, 667, 669, 670, 672, 673, 675, 676, 677, 678, 679, 680, 682, 683, 685, 687, 688, 690, 691, 692, 694, 695, 696, 698, 699, 700, 701, 702, 704, 705, 706, 707, 709, 710, 712, 714, 719, 720, 722, 723, 725, 744, 764, 765, 766, 768, 769, 770, 775, 777, 779, 781, 783, 784, 786, 787, 788, 790, 791, 792, 794, 795, 796, 798, 799, 800, 801, 803, 804, 805, 807, 808, 809, 810, 811, 812, 829, 831, 835, 839, 841, 842, 843, 845, 847, 848, 850, 851, 852, 854, 856, 857, 859, 860, 862, 863, 864, 866], "excluded_lines": [], "start_line": 1}}}, "src/readmd_modules/windows_native.py": {"executed_lines": [], "summary": {"covered_lines": 0, "num_statements": 3, "percent_covered": 0.0, "percent_covered_display": "0", "missing_lines": 3, "excluded_lines": 0, "percent_statements_covered": 0.0, "percent_statements_covered_display": "0"}, "missing_lines": [5, 6, 8], "excluded_lines": [], "functions": {"show_error": {"executed_lines": [], "summary": {"covered_lines": 0, "num_statements": 2, "percent_covered": 0.0, "percent_covered_display": "0", "missing_lines": 2, "excluded_lines": 0, "percent_statements_covered": 0.0, "percent_statements_covered_display": "0"}, "missing_lines": [6, 8], "excluded_lines": [], "start_line": 5}, "": {"executed_lines": [], "summary": {"covered_lines": 0, "num_statements": 1, "percent_covered": 0.0, "percent_covered_display": "0", "missing_lines": 1, "excluded_lines": 0, "percent_statements_covered": 0.0, "percent_statements_covered_display": "0"}, "missing_lines": [5], "excluded_lines": [], "start_line": 1}}, "classes": {"": {"executed_lines": [], "summary": {"covered_lines": 0, "num_statements": 3, "percent_covered": 0.0, "percent_covered_display": "0", "missing_lines": 3, "excluded_lines": 0, "percent_statements_covered": 0.0, "percent_statements_covered_display": "0"}, "missing_lines": [5, 6, 8], "excluded_lines": [], "start_line": 1}}}}, "totals": {"covered_lines": 3891, "num_statements": 6273, "percent_covered": 62.02773792443807, "percent_covered_display": "62", "missing_lines": 2382, "excluded_lines": 0, "percent_statements_covered": 62.02773792443807, "percent_statements_covered_display": "62"}}